WARNING - sacred_utils - No observers have been added to this run
INFO - sacred_utils - Running command 'main'
INFO - sacred_utils - Started
==============SETTINGS================
{'device': 'cuda:0',
 'env': 'mocca_envs:Walker2DCustomEnv-v0',
 'episode_steps': 40000,
 'experiment_dir': 'runs/2021_03_14__22_30_06__walker_experiment/',
 'gae_lambda': 0.95,
 'gamma': 0.99,
 'log_dir': 'runs/2021_03_14__22_30_06__walker_experiment/logs',
 'log_interval': 2,
 'lr': 0.0003,
 'lr_decay_type': 'exponential',
 'mini_batch_size': 1024,
 'net': None,
 'num_frames': 10000000.0,
 'num_mini_batch': 39,
 'num_processes': 125,
 'num_steps': 320,
 'ppo_params': {'clip_param': 0.2,
                'entropy_coef': 0.0,
                'eps': 1e-05,
                'lr': 0.0003,
                'max_grad_norm': 2.0,
                'num_mini_batch': 39,
                'ppo_epoch': 10,
                'use_clipped_value_loss': False,
                'value_loss_coef': 1.0},
 'replicate_num': 1,
 'save_dir': 'runs/2021_03_14__22_30_06__walker_experiment/models',
 'save_every': 2000000,
 'seed': 16,
 'use_gae': True}
--------------------------------------
/home/yuni/venv/lib/python3.8/site-packages/gym/logger.py:30: UserWarning: [33mWARN: Box bound precision lowered by casting to float32[0m
  warnings.warn(colorize('%s: %s'%('WARN', msg % args), 'yellow'))
pybullet build time: Nov 26 2020 23:09:05
argv[0]=--background_color_red=1.0
argv[1]=--background_color_green=1.0
argv[2]=--background_color_blue=1.0
argv[3]=--width=1280
argv[4]=--height=720
argv[5]=
argv[0]=--background_color_red=1.0
argv[1]=--background_color_green=1.0
argv[2]=--background_color_blue=1.0
argv[3]=--width=1280
argv[4]=--height=720
argv[5]=
Updates 1, num timesteps 40000, FPS 3781, mean/median reward 27.8/25.6, min/max reward -1.2/93.4, entropy 10.04, value loss 17.74, policy loss -0.029
Updates 2, num timesteps 80000, FPS 3621, mean/median reward 36.9/31.8, min/max reward 5.5/91.1, entropy 9.91, value loss 19.81, policy loss -0.029
Updates 3, num timesteps 120000, FPS 3247, mean/median reward 52.1/46.7, min/max reward 4.3/157.9, entropy 9.78, value loss 21.86, policy loss -0.028
Updates 4, num timesteps 160000, FPS 2807, mean/median reward 60.4/53.5, min/max reward 8.4/206.4, entropy 9.66, value loss 24.83, policy loss -0.027
Updates 5, num timesteps 200000, FPS 2598, mean/median reward 82.9/83.3, min/max reward 15.3/203.6, entropy 9.55, value loss 27.66, policy loss -0.023
Updates 6, num timesteps 240000, FPS 2455, mean/median reward 104.3/99.8, min/max reward 30.3/231.6, entropy 9.43, value loss 28.23, policy loss -0.022
Updates 7, num timesteps 280000, FPS 2427, mean/median reward 116.8/108.3, min/max reward 41.7/275.3, entropy 9.30, value loss 29.02, policy loss -0.023
Updates 8, num timesteps 320000, FPS 2406, mean/median reward 134.2/130.8, min/max reward 29.2/243.6, entropy 9.18, value loss 30.08, policy loss -0.021
Updates 9, num timesteps 360000, FPS 2395, mean/median reward 152.0/140.4, min/max reward 33.0/290.5, entropy 9.07, value loss 32.93, policy loss -0.024
Updates 10, num timesteps 400000, FPS 2394, mean/median reward 174.4/167.0, min/max reward 40.8/315.6, entropy 8.97, value loss 35.60, policy loss -0.018
Updates 11, num timesteps 440000, FPS 2391, mean/median reward 182.8/173.3, min/max reward 68.3/368.1, entropy 8.88, value loss 35.03, policy loss -0.020
Updates 12, num timesteps 480000, FPS 2394, mean/median reward 200.0/193.9, min/max reward 67.2/356.7, entropy 8.79, value loss 36.28, policy loss -0.020
Updates 13, num timesteps 520000, FPS 2399, mean/median reward 222.8/228.8, min/max reward 79.6/476.1, entropy 8.70, value loss 37.25, policy loss -0.016
Updates 14, num timesteps 560000, FPS 2409, mean/median reward 225.1/227.3, min/max reward 81.6/430.6, entropy 8.61, value loss 41.13, policy loss -0.016
Updates 15, num timesteps 600000, FPS 2411, mean/median reward 243.7/241.9, min/max reward 86.6/445.2, entropy 8.54, value loss 39.82, policy loss -0.015
Updates 16, num timesteps 640000, FPS 2408, mean/median reward 267.6/254.2, min/max reward 98.1/541.3, entropy 8.47, value loss 46.65, policy loss -0.012
Updates 17, num timesteps 680000, FPS 2400, mean/median reward 275.7/279.1, min/max reward 88.1/635.5, entropy 8.40, value loss 50.27, policy loss -0.012
Updates 18, num timesteps 720000, FPS 2388, mean/median reward 279.8/264.4, min/max reward 80.9/1055.0, entropy 8.33, value loss 44.65, policy loss -0.013
Updates 19, num timesteps 760000, FPS 2378, mean/median reward 316.6/298.6, min/max reward 107.2/1399.3, entropy 8.26, value loss 44.64, policy loss -0.011
Updates 20, num timesteps 800000, FPS 2369, mean/median reward 312.2/284.0, min/max reward 128.0/1390.1, entropy 8.19, value loss 39.33, policy loss -0.010
Updates 21, num timesteps 840000, FPS 2362, mean/median reward 338.3/288.7, min/max reward 131.2/1203.4, entropy 8.12, value loss 35.30, policy loss -0.012
Updates 22, num timesteps 880000, FPS 2359, mean/median reward 410.6/304.5, min/max reward 132.0/1497.6, entropy 8.07, value loss 35.82, policy loss -0.008
Updates 23, num timesteps 920000, FPS 2353, mean/median reward 370.7/302.5, min/max reward 112.8/1465.1, entropy 8.02, value loss 38.51, policy loss -0.009
Updates 24, num timesteps 960000, FPS 2347, mean/median reward 400.3/290.8, min/max reward 136.4/1445.9, entropy 7.95, value loss 30.78, policy loss -0.009
Updates 25, num timesteps 1000000, FPS 2341, mean/median reward 368.6/294.2, min/max reward 140.5/1469.9, entropy 7.88, value loss 29.63, policy loss -0.011
Updates 26, num timesteps 1040000, FPS 2335, mean/median reward 534.0/301.7, min/max reward 158.0/1543.5, entropy 7.80, value loss 22.26, policy loss -0.013
Updates 27, num timesteps 1080000, FPS 2329, mean/median reward 640.1/314.6, min/max reward 141.4/1543.5, entropy 7.73, value loss 23.58, policy loss -0.011
Updates 28, num timesteps 1120000, FPS 2323, mean/median reward 717.8/378.1, min/max reward 153.0/1554.1, entropy 7.65, value loss 20.07, policy loss -0.009
Updates 29, num timesteps 1160000, FPS 2320, mean/median reward 876.2/798.9, min/max reward 167.8/1544.6, entropy 7.58, value loss 18.78, policy loss -0.010
Updates 30, num timesteps 1200000, FPS 2319, mean/median reward 969.4/1401.2, min/max reward 111.3/1547.7, entropy 7.52, value loss 18.94, policy loss -0.013
Updates 31, num timesteps 1240000, FPS 2316, mean/median reward 1124.3/1466.6, min/max reward 111.3/1563.6, entropy 7.44, value loss 15.04, policy loss -0.011
Updates 32, num timesteps 1280000, FPS 2315, mean/median reward 1206.9/1481.7, min/max reward 165.3/1563.6, entropy 7.38, value loss 21.55, policy loss -0.015
Updates 33, num timesteps 1320000, FPS 2314, mean/median reward 1208.7/1492.1, min/max reward 148.9/1559.6, entropy 7.31, value loss 18.27, policy loss -0.013
Updates 34, num timesteps 1360000, FPS 2314, mean/median reward 1226.7/1496.0, min/max reward 148.9/1585.5, entropy 7.24, value loss 17.42, policy loss -0.011
Updates 35, num timesteps 1400000, FPS 2316, mean/median reward 1311.1/1508.9, min/max reward 165.2/1585.5, entropy 7.18, value loss 19.81, policy loss -0.014
Updates 36, num timesteps 1440000, FPS 2318, mean/median reward 1372.1/1513.2, min/max reward 169.9/1575.3, entropy 7.10, value loss 16.77, policy loss -0.011
Updates 37, num timesteps 1480000, FPS 2319, mean/median reward 1391.4/1513.7, min/max reward 169.9/1575.3, entropy 7.04, value loss 17.83, policy loss -0.012
Updates 38, num timesteps 1520000, FPS 2320, mean/median reward 1387.7/1513.7, min/max reward 169.9/1575.3, entropy 6.98, value loss 16.95, policy loss -0.011
Updates 39, num timesteps 1560000, FPS 2317, mean/median reward 1397.8/1518.9, min/max reward 175.9/1607.5, entropy 6.90, value loss 17.39, policy loss -0.011
Updates 40, num timesteps 1600000, FPS 2316, mean/median reward 1399.7/1520.5, min/max reward 178.5/1607.5, entropy 6.84, value loss 18.17, policy loss -0.009
Updates 41, num timesteps 1640000, FPS 2314, mean/median reward 1472.4/1539.1, min/max reward 303.6/1613.1, entropy 6.80, value loss 15.05, policy loss -0.011
Updates 42, num timesteps 1680000, FPS 2312, mean/median reward 1473.6/1542.3, min/max reward 140.6/1613.1, entropy 6.75, value loss 17.64, policy loss -0.012
Updates 43, num timesteps 1720000, FPS 2310, mean/median reward 1426.0/1543.8, min/max reward 140.6/1613.1, entropy 6.70, value loss 19.08, policy loss -0.011
Updates 44, num timesteps 1760000, FPS 2310, mean/median reward 1401.9/1542.2, min/max reward 140.6/1643.3, entropy 6.64, value loss 18.79, policy loss -0.011
Updates 45, num timesteps 1800000, FPS 2310, mean/median reward 1407.0/1546.6, min/max reward 172.6/1643.3, entropy 6.57, value loss 16.91, policy loss -0.013
Updates 46, num timesteps 1840000, FPS 2313, mean/median reward 1453.2/1554.2, min/max reward 172.6/1643.3, entropy 6.49, value loss 14.52, policy loss -0.010
Updates 47, num timesteps 1880000, FPS 2313, mean/median reward 1429.5/1555.4, min/max reward 213.8/1628.5, entropy 6.43, value loss 17.00, policy loss -0.009
Updates 48, num timesteps 1920000, FPS 2314, mean/median reward 1476.8/1560.1, min/max reward 213.8/1623.7, entropy 6.38, value loss 17.20, policy loss -0.009
Updates 49, num timesteps 1960000, FPS 2315, mean/median reward 1488.3/1565.9, min/max reward 190.5/1637.6, entropy 6.31, value loss 15.73, policy loss -0.014
Updates 50, num timesteps 2000000, FPS 2316, mean/median reward 1530.2/1571.3, min/max reward 190.5/1637.6, entropy 6.25, value loss 15.74, policy loss -0.010
Updates 51, num timesteps 2040000, FPS 2318, mean/median reward 1508.9/1579.0, min/max reward 190.5/1646.9, entropy 6.18, value loss 16.50, policy loss -0.016
Updates 52, num timesteps 2080000, FPS 2322, mean/median reward 1515.6/1584.1, min/max reward 191.3/1646.9, entropy 6.12, value loss 15.82, policy loss -0.015
Updates 53, num timesteps 2120000, FPS 2327, mean/median reward 1521.4/1591.5, min/max reward 191.3/1663.0, entropy 6.07, value loss 19.36, policy loss -0.015
Updates 54, num timesteps 2160000, FPS 2332, mean/median reward 1506.2/1597.1, min/max reward 191.3/1667.3, entropy 6.02, value loss 18.74, policy loss -0.018
Updates 55, num timesteps 2200000, FPS 2336, mean/median reward 1472.3/1597.1, min/max reward 207.2/1667.3, entropy 5.97, value loss 17.07, policy loss -0.012
Updates 56, num timesteps 2240000, FPS 2339, mean/median reward 1485.7/1598.5, min/max reward 207.2/1654.5, entropy 5.92, value loss 17.54, policy loss -0.013
Updates 57, num timesteps 2280000, FPS 2341, mean/median reward 1471.2/1601.8, min/max reward 204.4/1670.0, entropy 5.86, value loss 17.08, policy loss -0.012
Updates 58, num timesteps 2320000, FPS 2343, mean/median reward 1479.9/1605.6, min/max reward 204.4/1670.0, entropy 5.80, value loss 14.23, policy loss -0.015
Updates 59, num timesteps 2360000, FPS 2344, mean/median reward 1493.7/1609.7, min/max reward 204.4/1670.0, entropy 5.75, value loss 15.18, policy loss -0.015
Updates 60, num timesteps 2400000, FPS 2345, mean/median reward 1569.6/1615.4, min/max reward 218.0/1669.2, entropy 5.68, value loss 12.69, policy loss -0.010
Updates 61, num timesteps 2440000, FPS 2346, mean/median reward 1595.2/1616.2, min/max reward 268.9/1683.7, entropy 5.61, value loss 11.55, policy loss -0.012
Updates 62, num timesteps 2480000, FPS 2346, mean/median reward 1573.5/1620.1, min/max reward 268.9/1683.7, entropy 5.55, value loss 13.70, policy loss -0.014
Updates 63, num timesteps 2520000, FPS 2345, mean/median reward 1548.6/1622.6, min/max reward 231.2/1685.3, entropy 5.49, value loss 15.47, policy loss -0.008
Updates 64, num timesteps 2560000, FPS 2345, mean/median reward 1521.7/1625.8, min/max reward 180.8/1685.3, entropy 5.45, value loss 16.60, policy loss -0.011
Updates 65, num timesteps 2600000, FPS 2346, mean/median reward 1499.2/1630.2, min/max reward 171.5/1685.3, entropy 5.40, value loss 13.09, policy loss -0.010
Updates 66, num timesteps 2640000, FPS 2348, mean/median reward 1514.4/1631.6, min/max reward 171.5/1697.9, entropy 5.36, value loss 14.31, policy loss -0.013
Updates 67, num timesteps 2680000, FPS 2348, mean/median reward 1537.1/1637.2, min/max reward 142.4/1712.2, entropy 5.32, value loss 14.42, policy loss -0.015
Updates 68, num timesteps 2720000, FPS 2348, mean/median reward 1550.7/1638.9, min/max reward 142.4/1712.2, entropy 5.28, value loss 16.00, policy loss -0.013
Updates 69, num timesteps 2760000, FPS 2346, mean/median reward 1536.3/1637.2, min/max reward 142.4/1712.2, entropy 5.23, value loss 14.06, policy loss -0.013
Updates 70, num timesteps 2800000, FPS 2347, mean/median reward 1540.7/1639.0, min/max reward 157.7/1694.1, entropy 5.17, value loss 13.17, policy loss -0.012
Updates 71, num timesteps 2840000, FPS 2349, mean/median reward 1569.5/1642.3, min/max reward 157.7/1723.1, entropy 5.12, value loss 11.89, policy loss -0.012
Updates 72, num timesteps 2880000, FPS 2350, mean/median reward 1617.0/1650.4, min/max reward 232.5/1731.3, entropy 5.06, value loss 13.21, policy loss -0.011
Updates 73, num timesteps 2920000, FPS 2352, mean/median reward 1602.5/1656.6, min/max reward 268.9/1731.3, entropy 5.00, value loss 12.39, policy loss -0.013
Updates 74, num timesteps 2960000, FPS 2354, mean/median reward 1597.2/1660.2, min/max reward 270.9/1741.2, entropy 4.94, value loss 10.32, policy loss -0.013
Updates 75, num timesteps 3000000, FPS 2356, mean/median reward 1585.8/1668.0, min/max reward 228.7/1741.2, entropy 4.89, value loss 12.34, policy loss -0.012
Updates 76, num timesteps 3040000, FPS 2359, mean/median reward 1590.7/1677.6, min/max reward 206.0/1744.7, entropy 4.84, value loss 11.25, policy loss -0.014
Updates 77, num timesteps 3080000, FPS 2360, mean/median reward 1542.4/1682.1, min/max reward 162.6/1760.7, entropy 4.78, value loss 11.51, policy loss -0.015
Updates 78, num timesteps 3120000, FPS 2360, mean/median reward 1535.1/1688.3, min/max reward 162.6/1760.7, entropy 4.73, value loss 14.65, policy loss -0.017
Updates 79, num timesteps 3160000, FPS 2360, mean/median reward 1499.2/1690.9, min/max reward 155.4/1760.7, entropy 4.69, value loss 15.41, policy loss -0.017
Updates 80, num timesteps 3200000, FPS 2360, mean/median reward 1490.2/1692.8, min/max reward 136.1/1749.0, entropy 4.65, value loss 15.09, policy loss -0.018
Updates 81, num timesteps 3240000, FPS 2360, mean/median reward 1526.0/1704.4, min/max reward 136.1/1765.2, entropy 4.60, value loss 17.64, policy loss -0.017
Updates 82, num timesteps 3280000, FPS 2361, mean/median reward 1556.6/1706.0, min/max reward 136.1/1789.9, entropy 4.56, value loss 15.92, policy loss -0.018
Updates 83, num timesteps 3320000, FPS 2360, mean/median reward 1583.4/1707.6, min/max reward 148.1/1789.9, entropy 4.53, value loss 16.72, policy loss -0.017
Updates 84, num timesteps 3360000, FPS 2360, mean/median reward 1556.5/1707.6, min/max reward 160.1/1789.9, entropy 4.50, value loss 21.62, policy loss -0.020
Updates 85, num timesteps 3400000, FPS 2360, mean/median reward 1546.1/1710.9, min/max reward 160.1/1772.7, entropy 4.47, value loss 20.39, policy loss -0.013
Updates 86, num timesteps 3440000, FPS 2360, mean/median reward 1537.3/1703.9, min/max reward 160.1/1776.0, entropy 4.43, value loss 18.61, policy loss -0.017
Updates 87, num timesteps 3480000, FPS 2359, mean/median reward 1516.1/1698.8, min/max reward 161.7/1792.0, entropy 4.40, value loss 21.95, policy loss -0.018
Updates 88, num timesteps 3520000, FPS 2359, mean/median reward 1544.1/1696.8, min/max reward 168.8/1792.0, entropy 4.36, value loss 23.16, policy loss -0.015
Updates 89, num timesteps 3560000, FPS 2360, mean/median reward 1553.6/1697.7, min/max reward 168.8/1796.8, entropy 4.32, value loss 19.36, policy loss -0.019
Updates 90, num timesteps 3600000, FPS 2361, mean/median reward 1599.4/1705.5, min/max reward 187.4/1796.8, entropy 4.28, value loss 21.92, policy loss -0.018
Updates 91, num timesteps 3640000, FPS 2361, mean/median reward 1582.8/1715.0, min/max reward 192.5/1798.8, entropy 4.23, value loss 20.08, policy loss -0.021
Updates 92, num timesteps 3680000, FPS 2361, mean/median reward 1592.5/1720.2, min/max reward 198.3/1798.8, entropy 4.19, value loss 18.80, policy loss -0.018
Updates 93, num timesteps 3720000, FPS 2360, mean/median reward 1594.0/1724.2, min/max reward 176.3/1818.5, entropy 4.15, value loss 15.80, policy loss -0.014
Updates 94, num timesteps 3760000, FPS 2360, mean/median reward 1649.6/1740.1, min/max reward 176.3/1818.5, entropy 4.11, value loss 18.66, policy loss -0.016
Updates 95, num timesteps 3800000, FPS 2360, mean/median reward 1644.0/1745.6, min/max reward 176.3/1818.5, entropy 4.06, value loss 17.58, policy loss -0.017
Updates 96, num timesteps 3840000, FPS 2359, mean/median reward 1675.3/1752.3, min/max reward 191.9/1836.5, entropy 4.00, value loss 14.95, policy loss -0.018
Updates 97, num timesteps 3880000, FPS 2358, mean/median reward 1689.7/1760.3, min/max reward 246.7/1836.5, entropy 3.95, value loss 17.65, policy loss -0.017
Updates 98, num timesteps 3920000, FPS 2357, mean/median reward 1678.0/1764.6, min/max reward 194.3/1845.2, entropy 3.92, value loss 16.67, policy loss -0.018
Updates 99, num timesteps 3960000, FPS 2357, mean/median reward 1647.9/1769.3, min/max reward 194.3/1845.2, entropy 3.88, value loss 15.71, policy loss -0.016
Updates 100, num timesteps 4000000, FPS 2357, mean/median reward 1622.7/1769.8, min/max reward 194.3/1845.2, entropy 3.84, value loss 19.24, policy loss -0.013
Updates 101, num timesteps 4040000, FPS 2357, mean/median reward 1608.9/1769.8, min/max reward 187.5/1853.3, entropy 3.80, value loss 16.31, policy loss -0.018
Updates 102, num timesteps 4080000, FPS 2357, mean/median reward 1627.0/1774.0, min/max reward 187.5/1890.9, entropy 3.77, value loss 16.72, policy loss -0.017
Updates 103, num timesteps 4120000, FPS 2356, mean/median reward 1629.8/1777.3, min/max reward 187.5/1890.9, entropy 3.73, value loss 18.74, policy loss -0.021
Updates 104, num timesteps 4160000, FPS 2356, mean/median reward 1630.2/1777.3, min/max reward 179.3/1890.9, entropy 3.69, value loss 17.71, policy loss -0.015
Updates 105, num timesteps 4200000, FPS 2354, mean/median reward 1623.1/1774.1, min/max reward 179.3/1864.2, entropy 3.66, value loss 19.52, policy loss -0.018
Updates 106, num timesteps 4240000, FPS 2354, mean/median reward 1589.8/1770.5, min/max reward 188.7/1865.3, entropy 3.63, value loss 24.23, policy loss -0.018
Updates 107, num timesteps 4280000, FPS 2352, mean/median reward 1528.0/1765.9, min/max reward 188.7/1876.6, entropy 3.59, value loss 19.95, policy loss -0.019
Updates 108, num timesteps 4320000, FPS 2352, mean/median reward 1590.8/1770.2, min/max reward 215.7/1876.6, entropy 3.55, value loss 18.53, policy loss -0.017
Updates 109, num timesteps 4360000, FPS 2351, mean/median reward 1624.0/1770.2, min/max reward 192.6/1876.6, entropy 3.52, value loss 21.37, policy loss -0.019
Updates 110, num timesteps 4400000, FPS 2350, mean/median reward 1638.4/1768.6, min/max reward 178.6/1871.2, entropy 3.48, value loss 18.25, policy loss -0.015
Updates 111, num timesteps 4440000, FPS 2350, mean/median reward 1657.6/1766.1, min/max reward 178.6/1861.5, entropy 3.45, value loss 16.81, policy loss -0.019
Updates 112, num timesteps 4480000, FPS 2350, mean/median reward 1674.4/1765.7, min/max reward 178.6/1865.6, entropy 3.41, value loss 17.77, policy loss -0.020
Updates 113, num timesteps 4520000, FPS 2350, mean/median reward 1597.3/1750.8, min/max reward 199.2/1865.6, entropy 3.38, value loss 26.79, policy loss -0.014
Updates 114, num timesteps 4560000, FPS 2350, mean/median reward 1583.2/1748.4, min/max reward 199.2/1859.2, entropy 3.37, value loss 21.16, policy loss -0.019
Updates 115, num timesteps 4600000, FPS 2350, mean/median reward 1554.4/1745.2, min/max reward 219.2/1860.1, entropy 3.35, value loss 25.05, policy loss -0.020
Updates 116, num timesteps 4640000, FPS 2350, mean/median reward 1592.7/1745.9, min/max reward 219.2/1860.1, entropy 3.32, value loss 26.83, policy loss -0.018
Updates 117, num timesteps 4680000, FPS 2350, mean/median reward 1573.0/1741.9, min/max reward 233.2/1861.8, entropy 3.29, value loss 25.03, policy loss -0.018
Updates 118, num timesteps 4720000, FPS 2349, mean/median reward 1594.9/1745.7, min/max reward 246.2/1861.8, entropy 3.24, value loss 23.11, policy loss -0.018
Updates 119, num timesteps 4760000, FPS 2348, mean/median reward 1617.8/1751.5, min/max reward 246.2/1879.5, entropy 3.21, value loss 27.52, policy loss -0.016
Updates 120, num timesteps 4800000, FPS 2347, mean/median reward 1645.9/1759.6, min/max reward 264.1/1879.5, entropy 3.17, value loss 24.53, policy loss -0.019
Updates 121, num timesteps 4840000, FPS 2347, mean/median reward 1586.9/1751.5, min/max reward 167.4/1879.5, entropy 3.14, value loss 27.68, policy loss -0.018
Updates 122, num timesteps 4880000, FPS 2346, mean/median reward 1532.2/1742.8, min/max reward 167.4/1925.5, entropy 3.11, value loss 31.31, policy loss -0.018
Updates 123, num timesteps 4920000, FPS 2346, mean/median reward 1495.3/1742.8, min/max reward 167.4/1925.5, entropy 3.07, value loss 29.71, policy loss -0.016
Updates 124, num timesteps 4960000, FPS 2345, mean/median reward 1502.5/1744.6, min/max reward 196.1/1925.5, entropy 3.05, value loss 23.85, policy loss -0.020
Updates 125, num timesteps 5000000, FPS 2345, mean/median reward 1569.0/1750.7, min/max reward 196.1/1924.9, entropy 3.02, value loss 26.77, policy loss -0.018
Updates 126, num timesteps 5040000, FPS 2345, mean/median reward 1547.8/1755.2, min/max reward 202.1/1924.9, entropy 3.00, value loss 22.68, policy loss -0.016
Updates 127, num timesteps 5080000, FPS 2345, mean/median reward 1565.3/1758.1, min/max reward 202.1/1924.9, entropy 2.98, value loss 23.64, policy loss -0.019
Updates 128, num timesteps 5120000, FPS 2345, mean/median reward 1518.7/1752.5, min/max reward 202.1/1899.3, entropy 2.94, value loss 27.99, policy loss -0.014
Updates 129, num timesteps 5160000, FPS 2345, mean/median reward 1559.8/1757.4, min/max reward 207.9/1899.3, entropy 2.91, value loss 21.92, policy loss -0.018
Updates 130, num timesteps 5200000, FPS 2344, mean/median reward 1532.7/1753.3, min/max reward 179.7/1899.3, entropy 2.89, value loss 24.38, policy loss -0.018
Updates 131, num timesteps 5240000, FPS 2345, mean/median reward 1562.6/1764.8, min/max reward 179.7/1897.1, entropy 2.86, value loss 27.80, policy loss -0.015
Updates 132, num timesteps 5280000, FPS 2344, mean/median reward 1562.4/1761.6, min/max reward 206.4/1914.0, entropy 2.83, value loss 23.02, policy loss -0.017
Updates 133, num timesteps 5320000, FPS 2344, mean/median reward 1566.0/1769.2, min/max reward 213.5/1914.0, entropy 2.79, value loss 22.80, policy loss -0.019
Updates 134, num timesteps 5360000, FPS 2344, mean/median reward 1639.1/1777.2, min/max reward 240.7/1944.0, entropy 2.75, value loss 25.27, policy loss -0.016
Updates 135, num timesteps 5400000, FPS 2343, mean/median reward 1657.8/1788.1, min/max reward 258.8/1944.0, entropy 2.70, value loss 19.08, policy loss -0.015
Updates 136, num timesteps 5440000, FPS 2342, mean/median reward 1657.4/1795.9, min/max reward 258.6/1944.0, entropy 2.66, value loss 22.00, policy loss -0.016
Updates 137, num timesteps 5480000, FPS 2341, mean/median reward 1640.5/1794.0, min/max reward 217.2/1897.2, entropy 2.63, value loss 25.88, policy loss -0.017
Updates 138, num timesteps 5520000, FPS 2341, mean/median reward 1677.0/1797.6, min/max reward 217.2/1947.1, entropy 2.61, value loss 20.72, policy loss -0.017
Updates 139, num timesteps 5560000, FPS 2341, mean/median reward 1691.2/1799.7, min/max reward 217.2/1947.1, entropy 2.59, value loss 24.38, policy loss -0.017
Updates 140, num timesteps 5600000, FPS 2341, mean/median reward 1681.2/1802.2, min/max reward 204.2/1947.1, entropy 2.56, value loss 26.08, policy loss -0.015
Updates 141, num timesteps 5640000, FPS 2341, mean/median reward 1682.1/1793.0, min/max reward 204.2/1992.5, entropy 2.53, value loss 22.01, policy loss -0.016
Updates 142, num timesteps 5680000, FPS 2340, mean/median reward 1684.7/1788.8, min/max reward 204.2/1992.5, entropy 2.51, value loss 27.31, policy loss -0.015
Updates 143, num timesteps 5720000, FPS 2340, mean/median reward 1707.0/1793.0, min/max reward 181.7/1992.5, entropy 2.48, value loss 29.20, policy loss -0.019
Updates 144, num timesteps 5760000, FPS 2340, mean/median reward 1667.8/1796.1, min/max reward 181.7/1975.5, entropy 2.46, value loss 29.07, policy loss -0.020
Updates 145, num timesteps 5800000, FPS 2340, mean/median reward 1612.0/1793.9, min/max reward 181.7/2020.5, entropy 2.43, value loss 26.10, policy loss -0.018
Updates 146, num timesteps 5840000, FPS 2339, mean/median reward 1619.1/1795.4, min/max reward 203.4/2020.5, entropy 2.41, value loss 30.88, policy loss -0.018
Updates 147, num timesteps 5880000, FPS 2339, mean/median reward 1637.4/1789.9, min/max reward 287.8/2020.5, entropy 2.38, value loss 27.02, policy loss -0.020
Updates 148, num timesteps 5920000, FPS 2338, mean/median reward 1652.5/1788.8, min/max reward 241.5/1951.2, entropy 2.35, value loss 26.92, policy loss -0.018
Updates 149, num timesteps 5960000, FPS 2338, mean/median reward 1662.0/1784.5, min/max reward 241.5/1925.0, entropy 2.33, value loss 27.80, policy loss -0.015
Updates 150, num timesteps 6000000, FPS 2337, mean/median reward 1683.9/1787.9, min/max reward 241.5/1925.0, entropy 2.30, value loss 26.41, policy loss -0.015
Updates 151, num timesteps 6040000, FPS 2336, mean/median reward 1702.0/1788.1, min/max reward 232.0/1925.0, entropy 2.27, value loss 23.72, policy loss -0.019
Updates 152, num timesteps 6080000, FPS 2336, mean/median reward 1699.2/1790.3, min/max reward 232.0/1922.5, entropy 2.24, value loss 26.60, policy loss -0.016
Updates 153, num timesteps 6120000, FPS 2335, mean/median reward 1624.5/1785.5, min/max reward 203.6/1950.1, entropy 2.21, value loss 27.13, policy loss -0.016
Updates 154, num timesteps 6160000, FPS 2335, mean/median reward 1547.9/1785.5, min/max reward 203.6/1950.1, entropy 2.19, value loss 25.29, policy loss -0.017
Updates 155, num timesteps 6200000, FPS 2334, mean/median reward 1518.6/1786.7, min/max reward 202.0/1950.1, entropy 2.17, value loss 24.80, policy loss -0.017
Updates 156, num timesteps 6240000, FPS 2334, mean/median reward 1594.9/1789.2, min/max reward 202.0/1920.2, entropy 2.15, value loss 24.91, policy loss -0.018
Updates 157, num timesteps 6280000, FPS 2333, mean/median reward 1622.4/1789.8, min/max reward 227.6/1969.4, entropy 2.12, value loss 23.47, policy loss -0.015
Updates 158, num timesteps 6320000, FPS 2334, mean/median reward 1687.9/1796.5, min/max reward 227.6/1969.4, entropy 2.09, value loss 22.58, policy loss -0.018
Updates 159, num timesteps 6360000, FPS 2335, mean/median reward 1674.0/1799.5, min/max reward 211.7/2002.9, entropy 2.06, value loss 23.54, policy loss -0.017
Updates 160, num timesteps 6400000, FPS 2336, mean/median reward 1683.2/1804.3, min/max reward 211.7/2002.9, entropy 2.04, value loss 25.41, policy loss -0.021
Updates 161, num timesteps 6440000, FPS 2336, mean/median reward 1620.6/1800.6, min/max reward 211.7/2002.9, entropy 2.01, value loss 26.19, policy loss -0.018
Updates 162, num timesteps 6480000, FPS 2337, mean/median reward 1579.0/1797.1, min/max reward 194.1/2027.1, entropy 1.99, value loss 30.19, policy loss -0.021
Updates 163, num timesteps 6520000, FPS 2337, mean/median reward 1508.0/1787.3, min/max reward 194.1/2027.1, entropy 1.97, value loss 30.78, policy loss -0.019
Updates 164, num timesteps 6560000, FPS 2337, mean/median reward 1494.8/1786.6, min/max reward 187.4/2027.1, entropy 1.94, value loss 34.52, policy loss -0.017
Updates 165, num timesteps 6600000, FPS 2337, mean/median reward 1512.4/1795.2, min/max reward 187.2/1931.3, entropy 1.90, value loss 33.49, policy loss -0.021
Updates 166, num timesteps 6640000, FPS 2336, mean/median reward 1548.2/1800.3, min/max reward 187.2/2002.2, entropy 1.87, value loss 26.90, policy loss -0.017
Updates 167, num timesteps 6680000, FPS 2336, mean/median reward 1580.7/1805.6, min/max reward 187.2/2002.2, entropy 1.84, value loss 28.78, policy loss -0.018
Updates 168, num timesteps 6720000, FPS 2336, mean/median reward 1563.7/1812.0, min/max reward 198.6/2002.2, entropy 1.81, value loss 29.89, policy loss -0.018
Updates 169, num timesteps 6760000, FPS 2335, mean/median reward 1595.3/1815.9, min/max reward 169.6/1994.7, entropy 1.79, value loss 27.19, policy loss -0.019
Updates 170, num timesteps 6800000, FPS 2334, mean/median reward 1559.7/1812.8, min/max reward 169.6/2008.5, entropy 1.77, value loss 25.18, policy loss -0.018
Updates 171, num timesteps 6840000, FPS 2334, mean/median reward 1572.9/1819.5, min/max reward 197.4/2008.5, entropy 1.74, value loss 27.53, policy loss -0.018
Updates 172, num timesteps 6880000, FPS 2333, mean/median reward 1607.9/1817.4, min/max reward 206.2/1975.9, entropy 1.72, value loss 27.17, policy loss -0.019
Updates 173, num timesteps 6920000, FPS 2332, mean/median reward 1589.0/1813.0, min/max reward 214.4/1975.9, entropy 1.70, value loss 24.50, policy loss -0.018
Updates 174, num timesteps 6960000, FPS 2332, mean/median reward 1648.4/1819.4, min/max reward 214.4/1975.9, entropy 1.68, value loss 27.23, policy loss -0.016
Updates 175, num timesteps 7000000, FPS 2331, mean/median reward 1718.0/1832.2, min/max reward 214.4/1975.7, entropy 1.65, value loss 23.01, policy loss -0.014
Updates 176, num timesteps 7040000, FPS 2331, mean/median reward 1752.7/1832.2, min/max reward 232.5/1975.7, entropy 1.63, value loss 22.55, policy loss -0.017
Updates 177, num timesteps 7080000, FPS 2330, mean/median reward 1745.7/1834.8, min/max reward 202.3/1974.8, entropy 1.60, value loss 25.63, policy loss -0.015
Updates 178, num timesteps 7120000, FPS 2329, mean/median reward 1716.7/1832.4, min/max reward 202.3/1974.8, entropy 1.58, value loss 21.50, policy loss -0.014
Updates 179, num timesteps 7160000, FPS 2329, mean/median reward 1702.0/1839.8, min/max reward 202.3/1956.3, entropy 1.55, value loss 22.16, policy loss -0.018
Updates 180, num timesteps 7200000, FPS 2329, mean/median reward 1700.0/1832.4, min/max reward 177.9/2001.9, entropy 1.53, value loss 26.60, policy loss -0.017
Updates 181, num timesteps 7240000, FPS 2329, mean/median reward 1698.6/1832.7, min/max reward 177.9/2043.5, entropy 1.50, value loss 24.31, policy loss -0.015
Updates 182, num timesteps 7280000, FPS 2328, mean/median reward 1659.7/1818.0, min/max reward 177.9/2043.5, entropy 1.48, value loss 21.94, policy loss -0.018
Updates 183, num timesteps 7320000, FPS 2327, mean/median reward 1668.9/1814.1, min/max reward 191.8/2043.5, entropy 1.45, value loss 26.69, policy loss -0.018
Updates 184, num timesteps 7360000, FPS 2327, mean/median reward 1684.6/1818.6, min/max reward 191.8/2013.7, entropy 1.43, value loss 27.72, policy loss -0.020
Updates 185, num timesteps 7400000, FPS 2326, mean/median reward 1639.0/1818.6, min/max reward 191.8/2013.7, entropy 1.41, value loss 25.26, policy loss -0.018
Updates 186, num timesteps 7440000, FPS 2326, mean/median reward 1630.8/1826.8, min/max reward 224.6/2036.4, entropy 1.39, value loss 26.81, policy loss -0.017
Updates 187, num timesteps 7480000, FPS 2325, mean/median reward 1610.4/1827.6, min/max reward 206.0/2036.4, entropy 1.37, value loss 31.35, policy loss -0.015
Updates 188, num timesteps 7520000, FPS 2325, mean/median reward 1684.1/1831.7, min/max reward 206.0/1999.8, entropy 1.35, value loss 27.30, policy loss -0.018
Updates 189, num timesteps 7560000, FPS 2326, mean/median reward 1678.6/1831.9, min/max reward 220.1/1984.2, entropy 1.33, value loss 28.24, policy loss -0.016
Updates 190, num timesteps 7600000, FPS 2326, mean/median reward 1676.4/1836.4, min/max reward 220.1/2005.1, entropy 1.31, value loss 30.38, policy loss -0.019
Updates 191, num timesteps 7640000, FPS 2326, mean/median reward 1627.5/1827.3, min/max reward 220.1/2005.1, entropy 1.30, value loss 37.83, policy loss -0.017
Updates 192, num timesteps 7680000, FPS 2326, mean/median reward 1616.9/1822.2, min/max reward 244.1/2082.1, entropy 1.28, value loss 26.77, policy loss -0.017
Updates 193, num timesteps 7720000, FPS 2326, mean/median reward 1652.0/1828.2, min/max reward 244.1/2082.1, entropy 1.26, value loss 29.57, policy loss -0.015
Updates 194, num timesteps 7760000, FPS 2325, mean/median reward 1653.8/1827.8, min/max reward 211.7/2082.1, entropy 1.24, value loss 28.15, policy loss -0.014
Updates 195, num timesteps 7800000, FPS 2325, mean/median reward 1673.4/1833.0, min/max reward 196.6/2055.3, entropy 1.22, value loss 28.05, policy loss -0.016
Updates 196, num timesteps 7840000, FPS 2325, mean/median reward 1688.2/1835.1, min/max reward 196.6/2055.3, entropy 1.20, value loss 25.79, policy loss -0.015
Updates 197, num timesteps 7880000, FPS 2324, mean/median reward 1756.2/1842.4, min/max reward 196.6/2033.4, entropy 1.18, value loss 26.09, policy loss -0.019
Updates 198, num timesteps 7920000, FPS 2324, mean/median reward 1712.4/1840.2, min/max reward 210.8/2033.4, entropy 1.16, value loss 29.56, policy loss -0.019
Updates 199, num timesteps 7960000, FPS 2323, mean/median reward 1662.6/1836.1, min/max reward 210.8/2030.7, entropy 1.14, value loss 23.15, policy loss -0.016
Updates 200, num timesteps 8000000, FPS 2323, mean/median reward 1699.3/1837.6, min/max reward 212.4/2030.7, entropy 1.12, value loss 26.25, policy loss -0.017
Updates 201, num timesteps 8040000, FPS 2323, mean/median reward 1698.1/1842.1, min/max reward 214.8/2017.3, entropy 1.11, value loss 29.48, policy loss -0.016
Updates 202, num timesteps 8080000, FPS 2322, mean/median reward 1697.5/1849.3, min/max reward 212.8/2018.8, entropy 1.09, value loss 26.86, policy loss -0.016
Updates 203, num timesteps 8120000, FPS 2322, mean/median reward 1667.8/1846.6, min/max reward 204.3/2018.8, entropy 1.07, value loss 25.78, policy loss -0.018
Updates 204, num timesteps 8160000, FPS 2322, mean/median reward 1621.9/1843.0, min/max reward 204.3/1987.7, entropy 1.06, value loss 28.91, policy loss -0.019
Updates 205, num timesteps 8200000, FPS 2322, mean/median reward 1638.3/1832.7, min/max reward 195.6/2081.6, entropy 1.04, value loss 27.58, policy loss -0.018
Updates 206, num timesteps 8240000, FPS 2323, mean/median reward 1639.8/1832.7, min/max reward 195.6/2081.6, entropy 1.02, value loss 25.51, policy loss -0.017
Updates 207, num timesteps 8280000, FPS 2323, mean/median reward 1726.2/1843.7, min/max reward 195.6/2081.6, entropy 0.99, value loss 22.11, policy loss -0.017
Updates 208, num timesteps 8320000, FPS 2323, mean/median reward 1756.5/1842.7, min/max reward 268.2/2040.6, entropy 0.98, value loss 25.68, policy loss -0.019
Updates 209, num timesteps 8360000, FPS 2323, mean/median reward 1753.3/1845.8, min/max reward 268.2/2084.3, entropy 0.96, value loss 25.85, policy loss -0.018
Updates 210, num timesteps 8400000, FPS 2323, mean/median reward 1728.1/1852.2, min/max reward 275.2/2084.3, entropy 0.94, value loss 22.46, policy loss -0.018
Updates 211, num timesteps 8440000, FPS 2322, mean/median reward 1718.4/1852.2, min/max reward 249.3/2084.3, entropy 0.92, value loss 25.21, policy loss -0.018
Updates 212, num timesteps 8480000, FPS 2322, mean/median reward 1739.1/1846.8, min/max reward 249.3/2059.6, entropy 0.90, value loss 27.05, policy loss -0.015
Updates 213, num timesteps 8520000, FPS 2322, mean/median reward 1730.3/1842.3, min/max reward 200.7/2059.6, entropy 0.87, value loss 24.16, policy loss -0.016
Updates 214, num timesteps 8560000, FPS 2322, mean/median reward 1730.3/1841.3, min/max reward 200.7/2050.5, entropy 0.85, value loss 26.14, policy loss -0.018
Updates 215, num timesteps 8600000, FPS 2322, mean/median reward 1737.9/1839.7, min/max reward 200.7/2050.5, entropy 0.83, value loss 26.54, policy loss -0.015
Updates 216, num timesteps 8640000, FPS 2321, mean/median reward 1743.2/1844.1, min/max reward 241.4/2050.5, entropy 0.81, value loss 23.21, policy loss -0.016
Updates 217, num timesteps 8680000, FPS 2320, mean/median reward 1776.3/1851.1, min/max reward 241.4/2046.5, entropy 0.79, value loss 26.61, policy loss -0.018
Updates 218, num timesteps 8720000, FPS 2319, mean/median reward 1777.7/1864.5, min/max reward 221.4/2069.7, entropy 0.77, value loss 25.69, policy loss -0.015
Updates 219, num timesteps 8760000, FPS 2319, mean/median reward 1725.0/1858.7, min/max reward 188.6/2069.7, entropy 0.76, value loss 24.88, policy loss -0.017
Updates 220, num timesteps 8800000, FPS 2318, mean/median reward 1616.4/1843.4, min/max reward 188.6/2069.7, entropy 0.75, value loss 27.08, policy loss -0.014
Updates 221, num timesteps 8840000, FPS 2318, mean/median reward 1652.5/1843.4, min/max reward 188.6/2049.7, entropy 0.73, value loss 26.31, policy loss -0.017
Updates 222, num timesteps 8880000, FPS 2317, mean/median reward 1688.0/1848.5, min/max reward 252.2/2049.7, entropy 0.72, value loss 22.94, policy loss -0.015
Updates 223, num timesteps 8920000, FPS 2317, mean/median reward 1746.8/1850.3, min/max reward 221.0/2090.5, entropy 0.70, value loss 27.99, policy loss -0.015
Updates 224, num timesteps 8960000, FPS 2316, mean/median reward 1713.7/1840.4, min/max reward 194.6/2090.5, entropy 0.69, value loss 30.16, policy loss -0.018
Updates 225, num timesteps 9000000, FPS 2316, mean/median reward 1697.8/1840.1, min/max reward 194.6/2090.5, entropy 0.68, value loss 24.39, policy loss -0.016
Updates 226, num timesteps 9040000, FPS 2316, mean/median reward 1724.7/1855.7, min/max reward 223.7/2003.4, entropy 0.66, value loss 22.62, policy loss -0.018
Updates 227, num timesteps 9080000, FPS 2315, mean/median reward 1740.0/1857.2, min/max reward 223.7/2047.3, entropy 0.65, value loss 27.20, policy loss -0.015
Updates 228, num timesteps 9120000, FPS 2315, mean/median reward 1752.0/1859.5, min/max reward 224.8/2047.3, entropy 0.64, value loss 22.52, policy loss -0.013
Updates 229, num timesteps 9160000, FPS 2315, mean/median reward 1759.2/1856.4, min/max reward 224.8/2047.3, entropy 0.63, value loss 25.09, policy loss -0.015
Updates 230, num timesteps 9200000, FPS 2315, mean/median reward 1764.8/1859.4, min/max reward 237.5/2050.4, entropy 0.61, value loss 26.72, policy loss -0.015
Updates 231, num timesteps 9240000, FPS 2315, mean/median reward 1751.8/1861.8, min/max reward 237.5/2050.4, entropy 0.59, value loss 27.86, policy loss -0.015
Updates 232, num timesteps 9280000, FPS 2315, mean/median reward 1746.3/1854.9, min/max reward 246.9/2050.4, entropy 0.57, value loss 27.15, policy loss -0.019
Updates 233, num timesteps 9320000, FPS 2314, mean/median reward 1749.8/1854.9, min/max reward 272.0/2132.1, entropy 0.55, value loss 30.41, policy loss -0.015
Updates 234, num timesteps 9360000, FPS 2314, mean/median reward 1759.4/1855.4, min/max reward 276.3/2132.1, entropy 0.53, value loss 23.51, policy loss -0.017
Updates 235, num timesteps 9400000, FPS 2313, mean/median reward 1788.5/1868.1, min/max reward 326.7/2132.1, entropy 0.52, value loss 23.87, policy loss -0.017
Updates 236, num timesteps 9440000, FPS 2313, mean/median reward 1776.7/1865.6, min/max reward 248.6/2029.4, entropy 0.50, value loss 27.58, policy loss -0.017
Updates 237, num timesteps 9480000, FPS 2312, mean/median reward 1750.9/1865.6, min/max reward 248.6/2051.5, entropy 0.49, value loss 26.91, policy loss -0.016
Updates 238, num timesteps 9520000, FPS 2311, mean/median reward 1715.6/1863.1, min/max reward 246.5/2051.5, entropy 0.47, value loss 22.65, policy loss -0.019
Updates 239, num timesteps 9560000, FPS 2311, mean/median reward 1705.6/1866.5, min/max reward 246.5/2051.5, entropy 0.46, value loss 24.18, policy loss -0.014
Updates 240, num timesteps 9600000, FPS 2311, mean/median reward 1741.1/1885.6, min/max reward 246.5/2052.8, entropy 0.45, value loss 28.82, policy loss -0.017
Updates 241, num timesteps 9640000, FPS 2310, mean/median reward 1743.9/1890.2, min/max reward 215.6/2063.9, entropy 0.44, value loss 24.66, policy loss -0.016
Updates 242, num timesteps 9680000, FPS 2310, mean/median reward 1716.5/1897.3, min/max reward 207.7/2063.9, entropy 0.42, value loss 27.62, policy loss -0.016
Updates 243, num timesteps 9720000, FPS 2310, mean/median reward 1741.2/1899.6, min/max reward 207.7/2094.4, entropy 0.41, value loss 29.89, policy loss -0.016
Updates 244, num timesteps 9760000, FPS 2309, mean/median reward 1772.2/1917.7, min/max reward 207.7/2094.4, entropy 0.39, value loss 25.94, policy loss -0.017
Updates 245, num timesteps 9800000, FPS 2309, mean/median reward 1787.8/1915.8, min/max reward 219.3/2123.4, entropy 0.37, value loss 33.97, policy loss -0.013
Updates 246, num timesteps 9840000, FPS 2308, mean/median reward 1750.9/1913.5, min/max reward 219.3/2123.4, entropy 0.35, value loss 25.44, policy loss -0.018
Updates 247, num timesteps 9880000, FPS 2308, mean/median reward 1741.5/1898.3, min/max reward 219.3/2236.9, entropy 0.34, value loss 21.51, policy loss -0.017
Updates 248, num timesteps 9920000, FPS 2307, mean/median reward 1736.3/1890.7, min/max reward 206.0/2236.9, entropy 0.33, value loss 24.19, policy loss -0.017
Updates 249, num timesteps 9960000, FPS 2307, mean/median reward 1795.1/1894.2, min/max reward 206.0/2236.9, entropy 0.31, value loss 28.27, policy loss -0.015
Updates 250, num timesteps 10000000, FPS 2307, mean/median reward 1790.3/1902.5, min/max reward 206.0/2151.9, entropy 0.29, value loss 23.65, policy loss -0.014
INFO - sacred_utils - Completed after 1:12:18
Process ForkProcess-125:
Traceback (most recent call last):
  File "/usr/lib/python3.8/multiprocessing/process.py", line 315, in _bootstrap
    self.run()
  File "/usr/lib/python3.8/multiprocessing/process.py", line 108, in run
    self._target(*self._args, **self._kwargs)
  File "/home/yuni/SteppingStone/common/envs_utils.py", line 646, in _subproc_worker
    cmd, data = pipe.recv()
  File "/usr/lib/python3.8/multiprocessing/connection.py", line 250, in recv
    buf = self._recv_bytes()
  File "/usr/lib/python3.8/multiprocessing/connection.py", line 414, in _recv_bytes
    buf = self._recv(4)
  File "/usr/lib/python3.8/multiprocessing/connection.py", line 383, in _recv
    raise EOFError
EOFError
