WARNING - sacred_utils - No observers have been added to this run
INFO - sacred_utils - Running command 'main'
INFO - sacred_utils - Started
==============SETTINGS================
{'device': 'cuda:0',
 'env': 'mocca_envs:Walker2DCustomEnv-v0',
 'episode_steps': 40000,
 'experiment_dir': 'runs/2021_03_28__22_45_29__walker_experiment/',
 'gae_lambda': 0.95,
 'gamma': 0.99,
 'log_dir': 'runs/2021_03_28__22_45_29__walker_experiment/logs',
 'log_interval': 2,
 'lr': 0.0003,
 'lr_decay_type': 'exponential',
 'mini_batch_size': 1024,
 'net': None,
 'num_frames': 10000000.0,
 'num_mini_batch': 39,
 'num_processes': 125,
 'num_steps': 320,
 'ppo_params': {'clip_param': 0.2,
                'entropy_coef': 0.0,
                'eps': 1e-05,
                'lr': 0.0003,
                'max_grad_norm': 2.0,
                'num_mini_batch': 39,
                'ppo_epoch': 10,
                'use_clipped_value_loss': False,
                'value_loss_coef': 1.0},
 'replicate_num': 1,
 'save_dir': 'runs/2021_03_28__22_45_29__walker_experiment/models',
 'save_every': 2000000,
 'seed': 16,
 'use_gae': True}
--------------------------------------
/home/yuni/venv/lib/python3.8/site-packages/gym/logger.py:30: UserWarning: [33mWARN: Box bound precision lowered by casting to float32[0m
  warnings.warn(colorize('%s: %s'%('WARN', msg % args), 'yellow'))
pybullet build time: Nov 26 2020 23:09:05
argv[0]=--background_color_red=1.0
argv[1]=--background_color_green=1.0
argv[2]=--background_color_blue=1.0
argv[3]=--width=1280
argv[4]=--height=720
argv[5]=
argv[0]=--background_color_red=1.0
argv[1]=--background_color_green=1.0
argv[2]=--background_color_blue=1.0
argv[3]=--width=1280
argv[4]=--height=720
argv[5]=
Updates 1, num timesteps 40000, FPS 3982, mean/median reward 10.6/9.6, min/max reward 3.3/40.7, entropy 10.13, value loss 0.65, policy loss -0.018
Updates 2, num timesteps 80000, FPS 3915, mean/median reward 13.9/12.0, min/max reward 3.1/42.3, entropy 10.08, value loss 1.14, policy loss -0.029
Updates 3, num timesteps 120000, FPS 3859, mean/median reward 19.1/17.6, min/max reward 2.3/56.4, entropy 10.02, value loss 1.72, policy loss -0.030
Updates 4, num timesteps 160000, FPS 3720, mean/median reward 24.2/22.4, min/max reward 4.8/65.5, entropy 9.96, value loss 2.06, policy loss -0.026
Updates 5, num timesteps 200000, FPS 3557, mean/median reward 26.6/24.2, min/max reward 2.1/66.2, entropy 9.89, value loss 2.02, policy loss -0.028
Updates 6, num timesteps 240000, FPS 3412, mean/median reward 31.7/28.5, min/max reward 7.3/68.6, entropy 9.82, value loss 2.12, policy loss -0.022
Updates 7, num timesteps 280000, FPS 3368, mean/median reward 32.8/31.1, min/max reward 9.7/77.9, entropy 9.75, value loss 2.10, policy loss -0.027
Updates 8, num timesteps 320000, FPS 3323, mean/median reward 40.9/38.6, min/max reward 11.1/112.0, entropy 9.68, value loss 2.02, policy loss -0.030
Updates 9, num timesteps 360000, FPS 3308, mean/median reward 40.6/35.5, min/max reward 13.6/149.1, entropy 9.60, value loss 2.01, policy loss -0.028
Updates 10, num timesteps 400000, FPS 3297, mean/median reward 47.0/43.1, min/max reward 16.7/119.8, entropy 9.52, value loss 1.98, policy loss -0.027
Updates 11, num timesteps 440000, FPS 3290, mean/median reward 50.8/44.4, min/max reward 19.3/153.7, entropy 9.45, value loss 2.03, policy loss -0.026
Updates 12, num timesteps 480000, FPS 3287, mean/median reward 57.6/48.2, min/max reward 22.0/185.1, entropy 9.39, value loss 2.27, policy loss -0.029
Updates 13, num timesteps 520000, FPS 3278, mean/median reward 56.2/49.2, min/max reward 17.7/166.0, entropy 9.31, value loss 2.37, policy loss -0.030
Updates 14, num timesteps 560000, FPS 3273, mean/median reward 67.5/58.0, min/max reward 22.2/205.6, entropy 9.26, value loss 2.41, policy loss -0.033
Updates 15, num timesteps 600000, FPS 3272, mean/median reward 70.7/60.6, min/max reward 19.3/209.1, entropy 9.20, value loss 2.49, policy loss -0.026
Updates 16, num timesteps 640000, FPS 3263, mean/median reward 93.0/74.3, min/max reward 28.2/326.8, entropy 9.15, value loss 2.60, policy loss -0.030
Updates 17, num timesteps 680000, FPS 3250, mean/median reward 92.6/74.2, min/max reward 17.8/434.4, entropy 9.10, value loss 2.70, policy loss -0.032
Updates 18, num timesteps 720000, FPS 3242, mean/median reward 120.0/101.5, min/max reward 25.4/408.0, entropy 9.04, value loss 2.63, policy loss -0.032
Updates 19, num timesteps 760000, FPS 3235, mean/median reward 130.6/104.7, min/max reward 31.4/373.1, entropy 9.00, value loss 2.65, policy loss -0.032
Updates 20, num timesteps 800000, FPS 3229, mean/median reward 159.6/122.2, min/max reward 29.1/469.8, entropy 8.95, value loss 2.55, policy loss -0.031
Updates 21, num timesteps 840000, FPS 3228, mean/median reward 220.0/183.9, min/max reward 29.1/469.8, entropy 8.89, value loss 2.15, policy loss -0.028
Updates 22, num timesteps 880000, FPS 3231, mean/median reward 255.5/231.1, min/max reward 14.7/487.4, entropy 8.83, value loss 2.05, policy loss -0.029
Updates 23, num timesteps 920000, FPS 3233, mean/median reward 272.3/261.0, min/max reward 14.7/488.4, entropy 8.77, value loss 1.47, policy loss -0.024
Updates 24, num timesteps 960000, FPS 3235, mean/median reward 324.2/370.1, min/max reward 31.6/516.6, entropy 8.69, value loss 1.50, policy loss -0.028
Updates 25, num timesteps 1000000, FPS 3230, mean/median reward 362.2/460.1, min/max reward 35.4/516.7, entropy 8.61, value loss 1.45, policy loss -0.024
Updates 26, num timesteps 1040000, FPS 3226, mean/median reward 372.3/473.3, min/max reward 33.5/521.4, entropy 8.53, value loss 1.29, policy loss -0.024
Updates 27, num timesteps 1080000, FPS 3227, mean/median reward 401.8/486.7, min/max reward 33.5/542.1, entropy 8.45, value loss 1.54, policy loss -0.023
Updates 28, num timesteps 1120000, FPS 3224, mean/median reward 429.2/501.0, min/max reward 33.5/550.3, entropy 8.38, value loss 1.09, policy loss -0.025
Updates 29, num timesteps 1160000, FPS 3228, mean/median reward 474.5/520.6, min/max reward 48.4/573.2, entropy 8.29, value loss 1.05, policy loss -0.023
Updates 30, num timesteps 1200000, FPS 3224, mean/median reward 488.6/528.2, min/max reward 45.8/573.2, entropy 8.19, value loss 0.87, policy loss -0.021
Updates 31, num timesteps 1240000, FPS 3222, mean/median reward 506.8/542.7, min/max reward 39.8/586.1, entropy 8.08, value loss 1.03, policy loss -0.027
Updates 32, num timesteps 1280000, FPS 3221, mean/median reward 518.2/557.0, min/max reward 39.8/591.3, entropy 7.99, value loss 0.95, policy loss -0.019
Updates 33, num timesteps 1320000, FPS 3215, mean/median reward 515.0/561.5, min/max reward 39.8/596.1, entropy 7.91, value loss 1.12, policy loss -0.026
Updates 34, num timesteps 1360000, FPS 3206, mean/median reward 508.0/567.8, min/max reward 40.7/601.4, entropy 7.83, value loss 1.49, policy loss -0.022
Updates 35, num timesteps 1400000, FPS 3199, mean/median reward 503.7/581.1, min/max reward 40.7/624.5, entropy 7.74, value loss 1.23, policy loss -0.026
Updates 36, num timesteps 1440000, FPS 3194, mean/median reward 528.6/588.1, min/max reward 52.6/631.7, entropy 7.65, value loss 0.79, policy loss -0.017
Updates 37, num timesteps 1480000, FPS 3190, mean/median reward 544.7/598.3, min/max reward 63.8/632.6, entropy 7.56, value loss 1.10, policy loss -0.007
Updates 38, num timesteps 1520000, FPS 3187, mean/median reward 568.4/609.8, min/max reward 66.1/635.7, entropy 7.46, value loss 0.82, policy loss -0.020
Updates 39, num timesteps 1560000, FPS 3184, mean/median reward 564.2/615.0, min/max reward 51.0/637.7, entropy 7.37, value loss 0.83, policy loss -0.018
Updates 40, num timesteps 1600000, FPS 3182, mean/median reward 585.4/623.4, min/max reward 51.0/651.3, entropy 7.27, value loss 0.72, policy loss -0.020
Updates 41, num timesteps 1640000, FPS 3179, mean/median reward 588.7/629.7, min/max reward 51.0/661.6, entropy 7.18, value loss 0.72, policy loss -0.020
Updates 42, num timesteps 1680000, FPS 3180, mean/median reward 605.9/636.7, min/max reward 71.1/664.7, entropy 7.08, value loss 0.56, policy loss -0.008
Updates 43, num timesteps 1720000, FPS 3178, mean/median reward 619.3/644.5, min/max reward 68.4/671.9, entropy 6.99, value loss 0.66, policy loss -0.017
Updates 44, num timesteps 1760000, FPS 3175, mean/median reward 631.8/654.9, min/max reward 68.4/674.5, entropy 6.90, value loss 0.77, policy loss -0.019
Updates 45, num timesteps 1800000, FPS 3174, mean/median reward 638.8/660.5, min/max reward 68.4/688.1, entropy 6.82, value loss 0.77, policy loss -0.021
Updates 46, num timesteps 1840000, FPS 3173, mean/median reward 648.4/666.2, min/max reward 73.5/688.1, entropy 6.72, value loss 0.55, policy loss -0.015
Updates 47, num timesteps 1880000, FPS 3172, mean/median reward 652.5/673.3, min/max reward 23.6/697.3, entropy 6.65, value loss 0.83, policy loss -0.017
Updates 48, num timesteps 1920000, FPS 3172, mean/median reward 662.1/679.1, min/max reward 23.6/701.8, entropy 6.56, value loss 0.44, policy loss -0.010
Updates 49, num timesteps 1960000, FPS 3169, mean/median reward 660.7/684.1, min/max reward 23.6/706.5, entropy 6.47, value loss 0.66, policy loss -0.018
Updates 50, num timesteps 2000000, FPS 3166, mean/median reward 663.5/690.1, min/max reward 70.0/715.4, entropy 6.38, value loss 0.47, policy loss -0.016
Updates 51, num timesteps 2040000, FPS 3163, mean/median reward 663.0/694.8, min/max reward 70.0/716.4, entropy 6.29, value loss 0.53, policy loss -0.011
Updates 52, num timesteps 2080000, FPS 3163, mean/median reward 677.3/700.0, min/max reward 70.0/721.1, entropy 6.19, value loss 0.40, policy loss -0.011
Updates 53, num timesteps 2120000, FPS 3164, mean/median reward 691.4/707.3, min/max reward 230.0/727.7, entropy 6.10, value loss 0.30, policy loss -0.006
Updates 54, num timesteps 2160000, FPS 3163, mean/median reward 712.2/713.0, min/max reward 661.3/732.2, entropy 6.03, value loss 0.44, policy loss -0.019
Updates 55, num timesteps 2200000, FPS 3162, mean/median reward 717.7/718.2, min/max reward 661.3/741.0, entropy 5.94, value loss 0.43, policy loss -0.023
Updates 56, num timesteps 2240000, FPS 3159, mean/median reward 722.2/722.3, min/max reward 703.0/746.3, entropy 5.84, value loss 0.23, policy loss -0.008
Updates 57, num timesteps 2280000, FPS 3155, mean/median reward 729.6/728.9, min/max reward 703.5/747.1, entropy 5.75, value loss 0.31, policy loss -0.015
Updates 58, num timesteps 2320000, FPS 3152, mean/median reward 733.7/735.0, min/max reward 711.6/755.2, entropy 5.64, value loss 0.23, policy loss -0.011
Updates 59, num timesteps 2360000, FPS 3151, mean/median reward 738.6/738.8, min/max reward 705.0/759.7, entropy 5.56, value loss 0.21, policy loss -0.015
Updates 60, num timesteps 2400000, FPS 3152, mean/median reward 742.9/743.7, min/max reward 705.0/759.7, entropy 5.48, value loss 0.22, policy loss -0.017
Updates 61, num timesteps 2440000, FPS 3152, mean/median reward 746.0/746.4, min/max reward 705.0/760.8, entropy 5.39, value loss 0.23, policy loss -0.018
Updates 62, num timesteps 2480000, FPS 3152, mean/median reward 748.8/749.3, min/max reward 714.4/769.6, entropy 5.30, value loss 0.26, policy loss -0.015
Updates 63, num timesteps 2520000, FPS 3154, mean/median reward 750.8/752.3, min/max reward 523.2/769.6, entropy 5.22, value loss 0.22, policy loss -0.011
Updates 64, num timesteps 2560000, FPS 3151, mean/median reward 754.9/756.3, min/max reward 523.2/780.9, entropy 5.14, value loss 0.19, policy loss -0.015
Updates 65, num timesteps 2600000, FPS 3148, mean/median reward 759.6/761.1, min/max reward 523.2/786.3, entropy 5.05, value loss 0.20, policy loss -0.015
Updates 66, num timesteps 2640000, FPS 3144, mean/median reward 766.4/767.5, min/max reward 738.7/786.3, entropy 4.96, value loss 0.17, policy loss -0.016
Updates 67, num timesteps 2680000, FPS 3141, mean/median reward 770.0/770.7, min/max reward 738.7/786.3, entropy 4.88, value loss 0.18, policy loss -0.019
Updates 68, num timesteps 2720000, FPS 3139, mean/median reward 773.7/773.4, min/max reward 755.1/792.7, entropy 4.77, value loss 0.15, policy loss -0.014
Updates 69, num timesteps 2760000, FPS 3135, mean/median reward 777.8/778.4, min/max reward 756.4/797.7, entropy 4.69, value loss 0.15, policy loss -0.021
Updates 70, num timesteps 2800000, FPS 3132, mean/median reward 783.4/784.2, min/max reward 756.4/799.9, entropy 4.61, value loss 0.19, policy loss -0.021
Updates 71, num timesteps 2840000, FPS 3131, mean/median reward 787.5/787.8, min/max reward 756.4/800.4, entropy 4.51, value loss 0.16, policy loss -0.012
Updates 72, num timesteps 2880000, FPS 3130, mean/median reward 792.8/793.1, min/max reward 776.2/807.1, entropy 4.41, value loss 0.13, policy loss -0.014
Updates 73, num timesteps 2920000, FPS 3130, mean/median reward 797.4/797.9, min/max reward 776.2/812.4, entropy 4.34, value loss 0.16, policy loss -0.002
Updates 74, num timesteps 2960000, FPS 3130, mean/median reward 797.5/802.0, min/max reward 320.6/816.1, entropy 4.25, value loss 0.14, policy loss -0.015
Updates 75, num timesteps 3000000, FPS 3131, mean/median reward 800.1/804.0, min/max reward 320.6/816.1, entropy 4.16, value loss 0.12, policy loss -0.017
Updates 76, num timesteps 3040000, FPS 3131, mean/median reward 803.6/807.0, min/max reward 320.6/822.5, entropy 4.07, value loss 0.12, policy loss -0.015
Updates 77, num timesteps 3080000, FPS 3129, mean/median reward 810.3/809.9, min/max reward 795.5/827.6, entropy 4.01, value loss 0.24, policy loss -0.017
Updates 78, num timesteps 3120000, FPS 3130, mean/median reward 813.7/814.2, min/max reward 795.5/827.9, entropy 3.92, value loss 0.10, policy loss -0.010
Updates 79, num timesteps 3160000, FPS 3128, mean/median reward 818.7/819.5, min/max reward 795.5/835.1, entropy 3.82, value loss 0.10, policy loss -0.008
Updates 80, num timesteps 3200000, FPS 3125, mean/median reward 822.8/823.0, min/max reward 809.7/835.1, entropy 3.73, value loss 0.10, policy loss -0.016
Updates 81, num timesteps 3240000, FPS 3123, mean/median reward 826.2/826.6, min/max reward 811.8/837.6, entropy 3.64, value loss 0.11, policy loss -0.008
Updates 82, num timesteps 3280000, FPS 3121, mean/median reward 830.1/830.0, min/max reward 813.5/840.8, entropy 3.57, value loss 0.13, policy loss -0.014
Updates 83, num timesteps 3320000, FPS 3119, mean/median reward 832.7/832.3, min/max reward 820.9/841.7, entropy 3.50, value loss 0.11, policy loss -0.015
Updates 84, num timesteps 3360000, FPS 3118, mean/median reward 834.9/835.5, min/max reward 824.3/847.0, entropy 3.42, value loss 0.09, policy loss -0.012
Updates 85, num timesteps 3400000, FPS 3117, mean/median reward 837.3/837.5, min/max reward 826.8/848.6, entropy 3.36, value loss 0.11, policy loss -0.011
Updates 86, num timesteps 3440000, FPS 3117, mean/median reward 839.1/839.4, min/max reward 827.6/848.6, entropy 3.27, value loss 0.08, policy loss -0.026
Updates 87, num timesteps 3480000, FPS 3118, mean/median reward 840.6/840.5, min/max reward 831.0/851.7, entropy 3.20, value loss 0.10, policy loss -0.011
Updates 88, num timesteps 3520000, FPS 3117, mean/median reward 842.2/842.6, min/max reward 832.2/851.7, entropy 3.12, value loss 0.08, policy loss -0.017
Updates 89, num timesteps 3560000, FPS 3117, mean/median reward 844.2/844.7, min/max reward 831.9/853.3, entropy 3.06, value loss 0.08, policy loss -0.006
Updates 90, num timesteps 3600000, FPS 3116, mean/median reward 845.8/846.2, min/max reward 831.9/855.1, entropy 2.99, value loss 0.08, policy loss -0.013
Updates 91, num timesteps 3640000, FPS 3115, mean/median reward 848.5/848.6, min/max reward 831.9/859.0, entropy 2.92, value loss 0.07, policy loss -0.012
Updates 92, num timesteps 3680000, FPS 3113, mean/median reward 851.1/851.4, min/max reward 837.9/859.7, entropy 2.84, value loss 0.07, policy loss -0.019
Updates 93, num timesteps 3720000, FPS 3111, mean/median reward 854.0/854.2, min/max reward 841.3/862.6, entropy 2.77, value loss 0.07, policy loss -0.016
Updates 94, num timesteps 3760000, FPS 3111, mean/median reward 856.6/856.5, min/max reward 847.1/866.0, entropy 2.71, value loss 0.10, policy loss -0.016
Updates 95, num timesteps 3800000, FPS 3110, mean/median reward 859.6/859.7, min/max reward 849.9/869.6, entropy 2.66, value loss 0.06, policy loss -0.013
Updates 96, num timesteps 3840000, FPS 3108, mean/median reward 861.5/861.4, min/max reward 849.9/869.6, entropy 2.59, value loss 0.06, policy loss -0.016
Updates 97, num timesteps 3880000, FPS 3106, mean/median reward 863.6/863.7, min/max reward 853.3/871.5, entropy 2.52, value loss 0.07, policy loss -0.019
Updates 98, num timesteps 3920000, FPS 3107, mean/median reward 865.7/865.8, min/max reward 856.4/873.1, entropy 2.46, value loss 0.07, policy loss -0.015
Updates 99, num timesteps 3960000, FPS 3107, mean/median reward 867.3/867.6, min/max reward 856.6/874.9, entropy 2.38, value loss 0.06, policy loss -0.013
Updates 100, num timesteps 4000000, FPS 3105, mean/median reward 869.1/869.5, min/max reward 861.3/877.9, entropy 2.33, value loss 0.06, policy loss -0.013
Updates 101, num timesteps 4040000, FPS 3104, mean/median reward 870.6/870.9, min/max reward 861.5/877.9, entropy 2.26, value loss 0.06, policy loss -0.018
Updates 102, num timesteps 4080000, FPS 3103, mean/median reward 871.8/872.0, min/max reward 864.7/879.1, entropy 2.19, value loss 0.08, policy loss -0.013
Updates 103, num timesteps 4120000, FPS 3102, mean/median reward 872.8/872.9, min/max reward 853.0/879.1, entropy 2.13, value loss 0.06, policy loss -0.018
Updates 104, num timesteps 4160000, FPS 3102, mean/median reward 874.9/875.5, min/max reward 853.0/883.9, entropy 2.08, value loss 0.05, policy loss -0.016
Updates 105, num timesteps 4200000, FPS 3103, mean/median reward 876.2/876.5, min/max reward 853.0/883.9, entropy 2.02, value loss 0.06, policy loss -0.018
Updates 106, num timesteps 4240000, FPS 3105, mean/median reward 877.7/877.6, min/max reward 859.6/886.2, entropy 1.96, value loss 0.06, policy loss -0.018
Updates 107, num timesteps 4280000, FPS 3105, mean/median reward 879.7/879.7, min/max reward 859.6/889.4, entropy 1.90, value loss 0.05, policy loss -0.015
Updates 108, num timesteps 4320000, FPS 3105, mean/median reward 881.5/881.9, min/max reward 873.7/889.4, entropy 1.85, value loss 0.05, policy loss -0.014
Updates 109, num timesteps 4360000, FPS 3104, mean/median reward 883.3/883.8, min/max reward 873.7/889.4, entropy 1.80, value loss 0.06, policy loss -0.016
Updates 110, num timesteps 4400000, FPS 3103, mean/median reward 885.1/884.9, min/max reward 878.5/891.9, entropy 1.73, value loss 0.06, policy loss -0.018
Updates 111, num timesteps 4440000, FPS 3102, mean/median reward 886.1/886.1, min/max reward 878.5/892.7, entropy 1.67, value loss 0.05, policy loss -0.016
Updates 112, num timesteps 4480000, FPS 3101, mean/median reward 887.2/887.0, min/max reward 880.0/894.4, entropy 1.61, value loss 0.05, policy loss -0.014
Updates 113, num timesteps 4520000, FPS 3100, mean/median reward 888.8/889.0, min/max reward 880.0/896.8, entropy 1.56, value loss 0.05, policy loss -0.020
Updates 114, num timesteps 4560000, FPS 3099, mean/median reward 890.8/890.9, min/max reward 881.8/899.9, entropy 1.51, value loss 0.05, policy loss -0.016
Updates 115, num timesteps 4600000, FPS 3098, mean/median reward 892.7/892.9, min/max reward 882.2/899.9, entropy 1.46, value loss 0.07, policy loss -0.014
Updates 116, num timesteps 4640000, FPS 3096, mean/median reward 894.2/894.5, min/max reward 882.2/901.3, entropy 1.40, value loss 0.05, policy loss -0.015
Updates 117, num timesteps 4680000, FPS 3095, mean/median reward 895.6/895.9, min/max reward 888.4/901.3, entropy 1.33, value loss 0.04, policy loss -0.018
Updates 118, num timesteps 4720000, FPS 3092, mean/median reward 896.4/896.4, min/max reward 886.0/901.3, entropy 1.28, value loss 0.05, policy loss -0.017
Updates 119, num timesteps 4760000, FPS 3091, mean/median reward 897.1/897.3, min/max reward 883.7/904.7, entropy 1.23, value loss 0.05, policy loss -0.011
Updates 120, num timesteps 4800000, FPS 3090, mean/median reward 898.2/898.6, min/max reward 883.7/905.3, entropy 1.17, value loss 0.06, policy loss -0.012
Updates 121, num timesteps 4840000, FPS 3089, mean/median reward 899.5/899.8, min/max reward 883.7/905.3, entropy 1.11, value loss 0.04, policy loss -0.013
Updates 122, num timesteps 4880000, FPS 3088, mean/median reward 900.6/900.7, min/max reward 886.6/907.2, entropy 1.05, value loss 0.05, policy loss -0.022
Updates 123, num timesteps 4920000, FPS 3087, mean/median reward 901.6/901.7, min/max reward 886.6/907.3, entropy 1.00, value loss 0.06, policy loss -0.017
Updates 124, num timesteps 4960000, FPS 3087, mean/median reward 902.4/902.6, min/max reward 886.6/909.3, entropy 0.95, value loss 0.04, policy loss -0.012
Updates 125, num timesteps 5000000, FPS 3088, mean/median reward 903.6/903.8, min/max reward 895.6/909.3, entropy 0.89, value loss 0.04, policy loss -0.016
Updates 126, num timesteps 5040000, FPS 3088, mean/median reward 905.0/905.3, min/max reward 898.1/910.0, entropy 0.83, value loss 0.04, policy loss -0.017
Updates 127, num timesteps 5080000, FPS 3088, mean/median reward 905.9/906.1, min/max reward 894.1/912.7, entropy 0.78, value loss 0.04, policy loss -0.016
Updates 128, num timesteps 5120000, FPS 3088, mean/median reward 906.9/906.8, min/max reward 894.1/912.7, entropy 0.72, value loss 0.04, policy loss -0.013
Updates 129, num timesteps 5160000, FPS 3087, mean/median reward 908.3/908.2, min/max reward 894.1/913.5, entropy 0.68, value loss 0.04, policy loss -0.018
Updates 130, num timesteps 5200000, FPS 3087, mean/median reward 909.5/909.8, min/max reward 903.0/915.3, entropy 0.63, value loss 0.04, policy loss -0.016
Updates 131, num timesteps 5240000, FPS 3087, mean/median reward 910.4/910.7, min/max reward 903.0/915.6, entropy 0.57, value loss 0.04, policy loss -0.016
Updates 132, num timesteps 5280000, FPS 3087, mean/median reward 911.7/911.6, min/max reward 903.0/916.7, entropy 0.52, value loss 0.04, policy loss -0.018
Updates 133, num timesteps 5320000, FPS 3087, mean/median reward 912.5/912.4, min/max reward 904.7/918.2, entropy 0.47, value loss 0.04, policy loss -0.016
Updates 134, num timesteps 5360000, FPS 3087, mean/median reward 913.3/913.6, min/max reward 904.7/918.2, entropy 0.41, value loss 0.04, policy loss -0.015
Updates 135, num timesteps 5400000, FPS 3087, mean/median reward 914.3/914.4, min/max reward 906.6/919.4, entropy 0.36, value loss 0.03, policy loss -0.019
Updates 136, num timesteps 5440000, FPS 3086, mean/median reward 915.0/915.0, min/max reward 906.6/919.4, entropy 0.29, value loss 0.03, policy loss -0.016
Updates 137, num timesteps 5480000, FPS 3085, mean/median reward 915.7/915.6, min/max reward 908.2/920.8, entropy 0.24, value loss 0.04, policy loss -0.015
Updates 138, num timesteps 5520000, FPS 3083, mean/median reward 916.7/916.7, min/max reward 908.2/922.6, entropy 0.18, value loss 0.03, policy loss -0.018
Updates 139, num timesteps 5560000, FPS 3082, mean/median reward 917.6/917.4, min/max reward 912.9/922.6, entropy 0.14, value loss 0.03, policy loss -0.020
Updates 140, num timesteps 5600000, FPS 3081, mean/median reward 918.3/918.3, min/max reward 912.9/922.6, entropy 0.09, value loss 0.03, policy loss -0.017
Updates 141, num timesteps 5640000, FPS 3081, mean/median reward 918.7/918.6, min/max reward 912.9/922.8, entropy 0.05, value loss 0.03, policy loss -0.015
Updates 142, num timesteps 5680000, FPS 3080, mean/median reward 919.4/919.5, min/max reward 912.8/923.9, entropy -0.01, value loss 0.03, policy loss -0.013
Updates 143, num timesteps 5720000, FPS 3079, mean/median reward 920.0/920.1, min/max reward 911.4/925.1, entropy -0.06, value loss 0.03, policy loss -0.015
Updates 144, num timesteps 5760000, FPS 3079, mean/median reward 921.2/921.2, min/max reward 911.4/926.0, entropy -0.12, value loss 0.03, policy loss -0.017
Updates 145, num timesteps 5800000, FPS 3080, mean/median reward 922.3/922.5, min/max reward 911.4/926.5, entropy -0.17, value loss 0.03, policy loss -0.019
Updates 146, num timesteps 5840000, FPS 3080, mean/median reward 923.3/923.3, min/max reward 918.4/928.7, entropy -0.21, value loss 0.03, policy loss -0.018
Updates 147, num timesteps 5880000, FPS 3080, mean/median reward 924.1/924.3, min/max reward 919.3/928.7, entropy -0.25, value loss 0.03, policy loss -0.016
Updates 148, num timesteps 5920000, FPS 3080, mean/median reward 924.9/925.1, min/max reward 915.7/930.3, entropy -0.31, value loss 0.03, policy loss -0.018
Updates 149, num timesteps 5960000, FPS 3080, mean/median reward 925.5/925.6, min/max reward 915.7/930.3, entropy -0.35, value loss 0.03, policy loss -0.012
Updates 150, num timesteps 6000000, FPS 3079, mean/median reward 925.9/926.1, min/max reward 915.7/931.3, entropy -0.40, value loss 0.03, policy loss -0.018
Updates 151, num timesteps 6040000, FPS 3079, mean/median reward 926.8/927.1, min/max reward 916.5/931.9, entropy -0.44, value loss 0.03, policy loss -0.017
Updates 152, num timesteps 6080000, FPS 3078, mean/median reward 927.6/928.0, min/max reward 916.5/933.1, entropy -0.49, value loss 0.04, policy loss -0.013
Updates 153, num timesteps 6120000, FPS 3077, mean/median reward 928.3/928.7, min/max reward 916.8/933.1, entropy -0.54, value loss 0.03, policy loss -0.018
Updates 154, num timesteps 6160000, FPS 3076, mean/median reward 928.8/929.3, min/max reward 916.8/933.1, entropy -0.59, value loss 0.03, policy loss -0.013
Updates 155, num timesteps 6200000, FPS 3075, mean/median reward 928.9/929.3, min/max reward 911.1/932.8, entropy -0.64, value loss 0.03, policy loss -0.014
Updates 156, num timesteps 6240000, FPS 3074, mean/median reward 929.0/929.4, min/max reward 911.1/932.5, entropy -0.68, value loss 0.03, policy loss -0.016
Updates 157, num timesteps 6280000, FPS 3073, mean/median reward 929.1/929.6, min/max reward 911.1/932.5, entropy -0.73, value loss 0.02, policy loss -0.016
Updates 158, num timesteps 6320000, FPS 3071, mean/median reward 929.7/929.9, min/max reward 917.4/933.5, entropy -0.78, value loss 0.03, policy loss -0.017
Updates 159, num timesteps 6360000, FPS 3070, mean/median reward 930.3/930.5, min/max reward 917.4/933.6, entropy -0.82, value loss 0.03, policy loss -0.011
Updates 160, num timesteps 6400000, FPS 3069, mean/median reward 931.0/931.0, min/max reward 927.4/934.1, entropy -0.86, value loss 0.02, policy loss -0.015
Updates 161, num timesteps 6440000, FPS 3068, mean/median reward 931.4/931.4, min/max reward 927.4/934.5, entropy -0.90, value loss 0.02, policy loss -0.016
Updates 162, num timesteps 6480000, FPS 3068, mean/median reward 931.8/931.9, min/max reward 928.4/934.6, entropy -0.94, value loss 0.03, policy loss -0.014
Updates 163, num timesteps 6520000, FPS 3067, mean/median reward 932.5/932.6, min/max reward 928.4/936.0, entropy -0.98, value loss 0.02, policy loss -0.018
Updates 164, num timesteps 6560000, FPS 3067, mean/median reward 932.8/932.8, min/max reward 928.7/936.0, entropy -1.02, value loss 0.02, policy loss -0.015
Updates 165, num timesteps 6600000, FPS 3066, mean/median reward 926.5/933.3, min/max reward 89.1/937.3, entropy -1.04, value loss 0.06, policy loss -0.005
Updates 166, num timesteps 6640000, FPS 3066, mean/median reward 926.8/933.6, min/max reward 89.1/937.3, entropy -1.09, value loss 0.02, policy loss -0.015
Updates 167, num timesteps 6680000, FPS 3066, mean/median reward 927.4/934.4, min/max reward 89.1/937.3, entropy -1.13, value loss 0.02, policy loss -0.015
Updates 168, num timesteps 6720000, FPS 3067, mean/median reward 934.6/934.7, min/max reward 926.1/938.4, entropy -1.17, value loss 0.02, policy loss -0.016
Updates 169, num timesteps 6760000, FPS 3068, mean/median reward 935.1/935.1, min/max reward 929.3/938.4, entropy -1.21, value loss 0.02, policy loss -0.016
Updates 170, num timesteps 6800000, FPS 3067, mean/median reward 935.6/935.8, min/max reward 928.9/939.2, entropy -1.25, value loss 0.02, policy loss -0.016
Updates 171, num timesteps 6840000, FPS 3068, mean/median reward 936.3/936.5, min/max reward 928.9/939.5, entropy -1.29, value loss 0.02, policy loss -0.014
Updates 172, num timesteps 6880000, FPS 3069, mean/median reward 936.8/936.8, min/max reward 928.9/941.2, entropy -1.33, value loss 0.02, policy loss -0.015
Updates 173, num timesteps 6920000, FPS 3069, mean/median reward 937.3/937.2, min/max reward 934.3/941.2, entropy -1.37, value loss 0.02, policy loss -0.013
Updates 174, num timesteps 6960000, FPS 3068, mean/median reward 937.5/937.5, min/max reward 934.3/941.2, entropy -1.41, value loss 0.02, policy loss -0.017
Updates 175, num timesteps 7000000, FPS 3067, mean/median reward 937.8/937.9, min/max reward 934.5/940.5, entropy -1.44, value loss 0.02, policy loss -0.015
Updates 176, num timesteps 7040000, FPS 3066, mean/median reward 938.2/938.3, min/max reward 934.8/941.2, entropy -1.48, value loss 0.02, policy loss -0.014
Updates 177, num timesteps 7080000, FPS 3064, mean/median reward 938.5/938.7, min/max reward 934.8/941.2, entropy -1.52, value loss 0.02, policy loss -0.016
Updates 178, num timesteps 7120000, FPS 3063, mean/median reward 938.9/939.1, min/max reward 931.4/941.9, entropy -1.56, value loss 0.02, policy loss -0.015
Updates 179, num timesteps 7160000, FPS 3063, mean/median reward 939.2/939.4, min/max reward 931.4/942.1, entropy -1.60, value loss 0.02, policy loss -0.015
Updates 180, num timesteps 7200000, FPS 3063, mean/median reward 939.4/939.7, min/max reward 931.4/942.1, entropy -1.63, value loss 0.02, policy loss -0.016
Updates 181, num timesteps 7240000, FPS 3062, mean/median reward 939.7/939.9, min/max reward 934.5/942.8, entropy -1.67, value loss 0.02, policy loss -0.016
Updates 182, num timesteps 7280000, FPS 3061, mean/median reward 940.1/940.2, min/max reward 934.5/943.3, entropy -1.70, value loss 0.02, policy loss -0.011
Updates 183, num timesteps 7320000, FPS 3061, mean/median reward 940.3/940.5, min/max reward 934.5/943.3, entropy -1.74, value loss 0.02, policy loss -0.016
Updates 184, num timesteps 7360000, FPS 3059, mean/median reward 940.6/940.6, min/max reward 935.6/944.0, entropy -1.77, value loss 0.02, policy loss -0.018
Updates 185, num timesteps 7400000, FPS 3058, mean/median reward 940.8/940.9, min/max reward 935.6/944.0, entropy -1.80, value loss 0.02, policy loss -0.018
Updates 186, num timesteps 7440000, FPS 3057, mean/median reward 941.0/941.0, min/max reward 935.6/944.6, entropy -1.84, value loss 0.02, policy loss -0.018
Updates 187, num timesteps 7480000, FPS 3056, mean/median reward 941.2/941.1, min/max reward 937.5/945.6, entropy -1.87, value loss 0.02, policy loss -0.015
Updates 188, num timesteps 7520000, FPS 3054, mean/median reward 941.4/941.5, min/max reward 933.4/945.6, entropy -1.91, value loss 0.02, policy loss -0.016
Updates 189, num timesteps 7560000, FPS 3054, mean/median reward 942.0/942.2, min/max reward 933.4/945.6, entropy -1.94, value loss 0.02, policy loss -0.016
Updates 190, num timesteps 7600000, FPS 3053, mean/median reward 942.5/942.7, min/max reward 933.4/945.4, entropy -1.98, value loss 0.02, policy loss -0.015
Updates 191, num timesteps 7640000, FPS 3052, mean/median reward 942.9/943.0, min/max reward 933.4/945.4, entropy -2.01, value loss 0.02, policy loss -0.015
Updates 192, num timesteps 7680000, FPS 3053, mean/median reward 943.4/943.4, min/max reward 939.5/946.5, entropy -2.05, value loss 0.01, policy loss -0.013
Updates 193, num timesteps 7720000, FPS 3053, mean/median reward 943.8/943.9, min/max reward 939.5/946.7, entropy -2.08, value loss 0.02, policy loss -0.014
Updates 194, num timesteps 7760000, FPS 3053, mean/median reward 944.1/944.1, min/max reward 939.9/946.7, entropy -2.12, value loss 0.02, policy loss -0.009
Updates 195, num timesteps 7800000, FPS 3053, mean/median reward 944.5/944.5, min/max reward 941.8/947.3, entropy -2.15, value loss 0.02, policy loss -0.011
Updates 196, num timesteps 7840000, FPS 3054, mean/median reward 944.6/944.5, min/max reward 941.8/947.6, entropy -2.18, value loss 0.02, policy loss -0.009
Updates 197, num timesteps 7880000, FPS 3054, mean/median reward 944.6/944.8, min/max reward 940.8/947.6, entropy -2.21, value loss 0.01, policy loss -0.015
Updates 198, num timesteps 7920000, FPS 3055, mean/median reward 944.7/944.9, min/max reward 940.8/947.6, entropy -2.24, value loss 0.02, policy loss -0.017
Updates 199, num timesteps 7960000, FPS 3055, mean/median reward 944.9/945.2, min/max reward 940.8/947.6, entropy -2.27, value loss 0.02, policy loss -0.014
Updates 200, num timesteps 8000000, FPS 3055, mean/median reward 945.2/945.4, min/max reward 940.9/948.1, entropy -2.31, value loss 0.01, policy loss -0.014
Updates 201, num timesteps 8040000, FPS 3055, mean/median reward 945.8/945.8, min/max reward 941.4/948.7, entropy -2.34, value loss 0.01, policy loss -0.012
Updates 202, num timesteps 8080000, FPS 3055, mean/median reward 946.1/946.2, min/max reward 942.1/950.0, entropy -2.37, value loss 0.01, policy loss -0.015
Updates 203, num timesteps 8120000, FPS 3055, mean/median reward 946.5/946.6, min/max reward 942.1/950.0, entropy -2.41, value loss 0.01, policy loss -0.016
Updates 204, num timesteps 8160000, FPS 3055, mean/median reward 947.1/947.1, min/max reward 943.4/950.2, entropy -2.44, value loss 0.02, policy loss -0.018
Updates 205, num timesteps 8200000, FPS 3054, mean/median reward 947.4/947.5, min/max reward 943.4/950.2, entropy -2.47, value loss 0.01, policy loss -0.016
Updates 206, num timesteps 8240000, FPS 3054, mean/median reward 947.7/947.6, min/max reward 945.0/950.4, entropy -2.50, value loss 0.01, policy loss -0.018
Updates 207, num timesteps 8280000, FPS 3054, mean/median reward 947.7/947.9, min/max reward 943.6/950.4, entropy -2.53, value loss 0.01, policy loss -0.013
Updates 208, num timesteps 8320000, FPS 3054, mean/median reward 948.0/948.0, min/max reward 943.6/950.7, entropy -2.56, value loss 0.01, policy loss -0.015
Updates 209, num timesteps 8360000, FPS 3054, mean/median reward 948.1/948.1, min/max reward 943.6/950.7, entropy -2.59, value loss 0.01, policy loss -0.016
Updates 210, num timesteps 8400000, FPS 3054, mean/median reward 948.2/948.1, min/max reward 945.2/950.7, entropy -2.62, value loss 0.01, policy loss -0.018
Updates 211, num timesteps 8440000, FPS 3054, mean/median reward 948.2/948.1, min/max reward 945.2/950.5, entropy -2.65, value loss 0.01, policy loss -0.019
Updates 212, num timesteps 8480000, FPS 3053, mean/median reward 948.2/948.1, min/max reward 945.3/950.7, entropy -2.68, value loss 0.01, policy loss -0.015
Updates 213, num timesteps 8520000, FPS 3053, mean/median reward 948.0/948.1, min/max reward 944.3/950.9, entropy -2.71, value loss 0.01, policy loss -0.020
Updates 214, num timesteps 8560000, FPS 3054, mean/median reward 948.0/948.2, min/max reward 944.3/953.0, entropy -2.73, value loss 0.01, policy loss -0.016
Updates 215, num timesteps 8600000, FPS 3055, mean/median reward 948.2/948.3, min/max reward 944.3/953.0, entropy -2.76, value loss 0.01, policy loss -0.014
Updates 216, num timesteps 8640000, FPS 3056, mean/median reward 948.4/948.5, min/max reward 943.7/953.0, entropy -2.79, value loss 0.01, policy loss -0.015
Updates 217, num timesteps 8680000, FPS 3057, mean/median reward 948.6/948.7, min/max reward 943.7/952.4, entropy -2.82, value loss 0.01, policy loss -0.015
Updates 218, num timesteps 8720000, FPS 3058, mean/median reward 949.1/949.2, min/max reward 943.7/952.4, entropy -2.85, value loss 0.01, policy loss -0.013
Updates 219, num timesteps 8760000, FPS 3059, mean/median reward 949.4/949.5, min/max reward 945.6/952.0, entropy -2.88, value loss 0.01, policy loss -0.016
Updates 220, num timesteps 8800000, FPS 3059, mean/median reward 949.8/949.9, min/max reward 946.1/952.0, entropy -2.91, value loss 0.01, policy loss -0.013
Updates 221, num timesteps 8840000, FPS 3059, mean/median reward 949.8/949.9, min/max reward 947.1/951.9, entropy -2.94, value loss 0.01, policy loss -0.014
Updates 222, num timesteps 8880000, FPS 3059, mean/median reward 949.9/950.2, min/max reward 945.8/952.4, entropy -2.96, value loss 0.01, policy loss -0.015
Updates 223, num timesteps 8920000, FPS 3058, mean/median reward 950.2/950.4, min/max reward 945.8/953.0, entropy -2.99, value loss 0.01, policy loss -0.016
Updates 224, num timesteps 8960000, FPS 3058, mean/median reward 950.4/950.5, min/max reward 945.8/953.0, entropy -3.02, value loss 0.01, policy loss -0.016
Updates 225, num timesteps 9000000, FPS 3058, mean/median reward 950.7/950.8, min/max reward 943.9/953.0, entropy -3.04, value loss 0.01, policy loss -0.013
Updates 226, num timesteps 9040000, FPS 3058, mean/median reward 950.9/951.1, min/max reward 943.9/952.9, entropy -3.07, value loss 0.01, policy loss -0.012
Updates 227, num timesteps 9080000, FPS 3058, mean/median reward 951.1/951.3, min/max reward 943.9/953.3, entropy -3.09, value loss 0.01, policy loss -0.013
Updates 228, num timesteps 9120000, FPS 3058, mean/median reward 951.4/951.5, min/max reward 949.0/953.6, entropy -3.12, value loss 0.01, policy loss -0.015
Updates 229, num timesteps 9160000, FPS 3058, mean/median reward 951.7/951.7, min/max reward 949.1/954.6, entropy -3.14, value loss 0.01, policy loss -0.016
Updates 230, num timesteps 9200000, FPS 3058, mean/median reward 951.8/951.8, min/max reward 947.5/954.6, entropy -3.17, value loss 0.01, policy loss -0.012
Updates 231, num timesteps 9240000, FPS 3057, mean/median reward 952.0/952.0, min/max reward 947.5/954.6, entropy -3.20, value loss 0.01, policy loss -0.012
Updates 232, num timesteps 9280000, FPS 3057, mean/median reward 952.3/952.2, min/max reward 947.5/954.5, entropy -3.23, value loss 0.01, policy loss -0.015
Updates 233, num timesteps 9320000, FPS 3056, mean/median reward 952.5/952.5, min/max reward 950.0/954.5, entropy -3.25, value loss 0.01, policy loss -0.015
Updates 234, num timesteps 9360000, FPS 3056, mean/median reward 952.7/952.6, min/max reward 950.2/954.5, entropy -3.28, value loss 0.01, policy loss -0.016
Updates 235, num timesteps 9400000, FPS 3056, mean/median reward 952.8/952.9, min/max reward 950.2/955.0, entropy -3.31, value loss 0.01, policy loss -0.015
Updates 236, num timesteps 9440000, FPS 3056, mean/median reward 953.0/953.0, min/max reward 949.5/955.1, entropy -3.34, value loss 0.01, policy loss -0.014
Updates 237, num timesteps 9480000, FPS 3056, mean/median reward 953.1/953.2, min/max reward 949.5/955.1, entropy -3.37, value loss 0.01, policy loss -0.017
Updates 238, num timesteps 9520000, FPS 3056, mean/median reward 953.3/953.3, min/max reward 949.5/955.4, entropy -3.39, value loss 0.01, policy loss -0.016
Updates 239, num timesteps 9560000, FPS 3055, mean/median reward 953.4/953.4, min/max reward 948.5/955.9, entropy -3.41, value loss 0.01, policy loss -0.013
Updates 240, num timesteps 9600000, FPS 3055, mean/median reward 953.4/953.4, min/max reward 948.5/955.9, entropy -3.44, value loss 0.01, policy loss -0.018
Updates 241, num timesteps 9640000, FPS 3054, mean/median reward 953.5/953.6, min/max reward 948.5/955.9, entropy -3.47, value loss 0.01, policy loss -0.015
Updates 242, num timesteps 9680000, FPS 3055, mean/median reward 953.8/954.0, min/max reward 950.6/956.6, entropy -3.50, value loss 0.01, policy loss -0.018
Updates 243, num timesteps 9720000, FPS 3055, mean/median reward 953.9/954.1, min/max reward 951.1/956.6, entropy -3.53, value loss 0.01, policy loss -0.017
Updates 244, num timesteps 9760000, FPS 3054, mean/median reward 954.1/954.2, min/max reward 951.2/956.6, entropy -3.55, value loss 0.01, policy loss -0.016
Updates 245, num timesteps 9800000, FPS 3054, mean/median reward 954.4/954.4, min/max reward 951.6/956.4, entropy -3.58, value loss 0.01, policy loss -0.015
Updates 246, num timesteps 9840000, FPS 3053, mean/median reward 954.6/954.7, min/max reward 951.6/956.4, entropy -3.61, value loss 0.01, policy loss -0.012
Updates 247, num timesteps 9880000, FPS 3053, mean/median reward 954.8/954.9, min/max reward 952.2/957.3, entropy -3.63, value loss 0.01, policy loss -0.015
Updates 248, num timesteps 9920000, FPS 3054, mean/median reward 955.0/955.1, min/max reward 952.2/957.3, entropy -3.65, value loss 0.01, policy loss -0.018
Updates 249, num timesteps 9960000, FPS 3054, mean/median reward 955.2/955.1, min/max reward 952.2/957.3, entropy -3.68, value loss 0.01, policy loss -0.012
Updates 250, num timesteps 10000000, FPS 3054, mean/median reward 955.4/955.4, min/max reward 951.8/957.4, entropy -3.70, value loss 0.01, policy loss -0.017
INFO - sacred_utils - Completed after 0:54:38
