/home/uni/.pyenv/versions/optim/lib/python3.6/site-packages/torch/cuda/__init__.py:52: UserWarning: CUDA initialization: Found no NVIDIA driver on your system. Please check that you have an NVIDIA GPU and installed a driver from http://www.nvidia.com/Download/index.aspx (Triggered internally at  /pytorch/c10/cuda/CUDAFunctions.cpp:100.)
  return torch._C._cuda_getDeviceCount() > 0
WARNING - sacred_utils - No observers have been added to this run
INFO - sacred_utils - Running command 'main'
INFO - sacred_utils - Started
pybullet build time: Dec 23 2020 01:46:51
==============SETTINGS================
{'device': 'cpu',
 'env': 'mocca_envs:Walker2DCustomEnv-v0',
 'episode_steps': 40000,
 'experiment_dir': 'runs/2021_03_23__22_31_43__walker_experiment/',
 'gae_lambda': 0.95,
 'gamma': 0.99,
 'log_dir': 'runs/2021_03_23__22_31_43__walker_experiment/logs',
 'log_interval': 2,
 'lr': 0.0003,
 'lr_decay_type': 'exponential',
 'mini_batch_size': 1024,
 'net': None,
 'num_frames': 10000000.0,
 'num_mini_batch': 39,
 'num_processes': 125,
 'num_steps': 320,
 'ppo_params': {'clip_param': 0.2,
                'entropy_coef': 0.0,
                'eps': 1e-05,
                'lr': 0.0003,
                'max_grad_norm': 2.0,
                'num_mini_batch': 39,
                'ppo_epoch': 10,
                'use_clipped_value_loss': False,
                'value_loss_coef': 1.0},
 'replicate_num': 1,
 'save_dir': 'runs/2021_03_23__22_31_43__walker_experiment/models',
 'save_every': 2000000,
 'seed': 16,
 'use_gae': True}
--------------------------------------
/home/uni/.pyenv/versions/optim/lib/python3.6/site-packages/gym/logger.py:30: UserWarning: [33mWARN: Box bound precision lowered by casting to float32[0m
  warnings.warn(colorize('%s: %s'%('WARN', msg % args), 'yellow'))
Updates 1, num timesteps 40000, FPS 988, mean/median reward -43.9/-37.9, min/max reward -184.9/-10.7, entropy 10.05, value loss 21.43, policy loss -0.024
Updates 2, num timesteps 80000, FPS 983, mean/median reward -33.5/-30.9, min/max reward -100.4/-9.6, entropy 9.92, value loss 19.05, policy loss -0.030
Updates 3, num timesteps 120000, FPS 982, mean/median reward -27.0/-26.0, min/max reward -65.5/-7.6, entropy 9.73, value loss 16.38, policy loss -0.037
Updates 4, num timesteps 160000, FPS 982, mean/median reward -24.5/-22.2, min/max reward -103.8/-7.5, entropy 9.51, value loss 10.54, policy loss -0.038
Updates 5, num timesteps 200000, FPS 982, mean/median reward -20.8/-19.6, min/max reward -49.2/-4.3, entropy 9.24, value loss 6.72, policy loss -0.036
Updates 6, num timesteps 240000, FPS 983, mean/median reward -15.8/-15.3, min/max reward -34.3/-4.6, entropy 8.97, value loss 5.39, policy loss -0.038
Updates 7, num timesteps 280000, FPS 982, mean/median reward -14.0/-13.9, min/max reward -25.3/1.1, entropy 8.69, value loss 4.67, policy loss -0.042
Updates 8, num timesteps 320000, FPS 982, mean/median reward -11.8/-12.1, min/max reward -22.7/-0.7, entropy 8.41, value loss 3.94, policy loss -0.040
Updates 9, num timesteps 360000, FPS 982, mean/median reward -9.7/-9.8, min/max reward -20.2/-0.1, entropy 8.13, value loss 3.76, policy loss -0.043
Updates 10, num timesteps 400000, FPS 982, mean/median reward -7.7/-7.5, min/max reward -22.2/1.3, entropy 7.85, value loss 3.48, policy loss -0.046
Updates 11, num timesteps 440000, FPS 983, mean/median reward -5.3/-6.1, min/max reward -20.0/8.3, entropy 7.57, value loss 3.57, policy loss -0.051
Updates 12, num timesteps 480000, FPS 983, mean/median reward -3.1/-2.8, min/max reward -22.4/13.2, entropy 7.30, value loss 3.42, policy loss -0.048
Updates 13, num timesteps 520000, FPS 983, mean/median reward -0.6/-0.8, min/max reward -16.2/14.1, entropy 7.05, value loss 3.08, policy loss -0.045
Updates 14, num timesteps 560000, FPS 982, mean/median reward 2.1/2.2, min/max reward -10.1/12.1, entropy 6.80, value loss 3.13, policy loss -0.047
Updates 15, num timesteps 600000, FPS 982, mean/median reward 4.6/4.6, min/max reward -6.6/14.6, entropy 6.55, value loss 2.95, policy loss -0.046
Updates 16, num timesteps 640000, FPS 982, mean/median reward 6.4/6.7, min/max reward -5.2/18.1, entropy 6.32, value loss 2.68, policy loss -0.044
Updates 17, num timesteps 680000, FPS 981, mean/median reward 9.9/9.9, min/max reward 0.0/23.0, entropy 6.09, value loss 2.57, policy loss -0.040
Updates 18, num timesteps 720000, FPS 981, mean/median reward 11.9/11.9, min/max reward 0.1/23.2, entropy 5.88, value loss 2.55, policy loss -0.040
Updates 19, num timesteps 760000, FPS 980, mean/median reward 14.6/14.5, min/max reward 0.4/30.9, entropy 5.68, value loss 2.65, policy loss -0.040
Updates 20, num timesteps 800000, FPS 979, mean/median reward 18.0/17.8, min/max reward 2.7/32.1, entropy 5.48, value loss 2.74, policy loss -0.042
Updates 21, num timesteps 840000, FPS 979, mean/median reward 22.4/21.4, min/max reward 3.3/40.0, entropy 5.32, value loss 3.33, policy loss -0.040
Updates 22, num timesteps 880000, FPS 978, mean/median reward 27.3/27.1, min/max reward 7.9/52.2, entropy 5.17, value loss 3.81, policy loss -0.040
Updates 23, num timesteps 920000, FPS 977, mean/median reward 33.4/32.5, min/max reward 13.4/57.6, entropy 5.04, value loss 3.83, policy loss -0.044
Updates 24, num timesteps 960000, FPS 977, mean/median reward 37.6/37.4, min/max reward 15.5/65.1, entropy 4.92, value loss 3.90, policy loss -0.034
Updates 25, num timesteps 1000000, FPS 973, mean/median reward 43.0/41.8, min/max reward 21.8/73.0, entropy 4.79, value loss 3.51, policy loss -0.034
Updates 26, num timesteps 1040000, FPS 971, mean/median reward 46.9/44.1, min/max reward 24.6/98.3, entropy 4.67, value loss 3.69, policy loss -0.031
Updates 27, num timesteps 1080000, FPS 968, mean/median reward 52.3/48.5, min/max reward 19.9/115.0, entropy 4.55, value loss 4.08, policy loss -0.025
Updates 28, num timesteps 1120000, FPS 966, mean/median reward 60.0/57.4, min/max reward 32.7/120.9, entropy 4.45, value loss 4.85, policy loss -0.027
Updates 29, num timesteps 1160000, FPS 964, mean/median reward 61.9/59.6, min/max reward 26.5/183.1, entropy 4.35, value loss 5.97, policy loss -0.026
Updates 30, num timesteps 1200000, FPS 961, mean/median reward 64.1/61.0, min/max reward 19.3/138.2, entropy 4.26, value loss 7.23, policy loss -0.024
Updates 31, num timesteps 1240000, FPS 959, mean/median reward 70.3/66.6, min/max reward 41.9/161.3, entropy 4.17, value loss 6.31, policy loss -0.025
Updates 32, num timesteps 1280000, FPS 958, mean/median reward 73.1/69.1, min/max reward 39.8/140.3, entropy 4.07, value loss 5.65, policy loss -0.025
Updates 33, num timesteps 1320000, FPS 956, mean/median reward 82.7/77.9, min/max reward 43.4/158.7, entropy 3.97, value loss 6.59, policy loss -0.027
Updates 34, num timesteps 1360000, FPS 954, mean/median reward 86.0/77.6, min/max reward 48.0/213.0, entropy 3.87, value loss 6.80, policy loss -0.024
Updates 35, num timesteps 1400000, FPS 953, mean/median reward 92.9/89.7, min/max reward 47.5/182.9, entropy 3.77, value loss 7.27, policy loss -0.025
Updates 36, num timesteps 1440000, FPS 951, mean/median reward 102.8/90.2, min/max reward 41.2/338.8, entropy 3.68, value loss 7.19, policy loss -0.025
Updates 37, num timesteps 1480000, FPS 944, mean/median reward 104.2/95.1, min/max reward 56.8/220.4, entropy 3.58, value loss 7.62, policy loss -0.022
Updates 38, num timesteps 1520000, FPS 942, mean/median reward 107.7/97.9, min/max reward 53.5/277.4, entropy 3.47, value loss 7.52, policy loss -0.021
Updates 39, num timesteps 1560000, FPS 941, mean/median reward 120.3/113.4, min/max reward 54.1/297.4, entropy 3.37, value loss 7.24, policy loss -0.024
Updates 40, num timesteps 1600000, FPS 940, mean/median reward 133.8/125.5, min/max reward 60.2/389.4, entropy 3.27, value loss 6.71, policy loss -0.023
Updates 41, num timesteps 1640000, FPS 939, mean/median reward 139.9/124.9, min/max reward 60.4/377.7, entropy 3.17, value loss 7.69, policy loss -0.021
Updates 42, num timesteps 1680000, FPS 938, mean/median reward 159.6/128.1, min/max reward 64.5/508.7, entropy 3.08, value loss 7.85, policy loss -0.017
Updates 43, num timesteps 1720000, FPS 937, mean/median reward 168.2/144.1, min/max reward 60.3/545.0, entropy 2.99, value loss 8.16, policy loss -0.019
Updates 44, num timesteps 1760000, FPS 936, mean/median reward 194.0/159.0, min/max reward 68.7/712.0, entropy 2.91, value loss 8.30, policy loss -0.022
Updates 45, num timesteps 1800000, FPS 935, mean/median reward 191.9/144.2, min/max reward 70.6/768.0, entropy 2.83, value loss 8.38, policy loss -0.019
Updates 46, num timesteps 1840000, FPS 934, mean/median reward 193.7/150.8, min/max reward 64.3/634.7, entropy 2.76, value loss 9.08, policy loss -0.023
Updates 47, num timesteps 1880000, FPS 933, mean/median reward 247.2/176.4, min/max reward 65.4/887.5, entropy 2.68, value loss 9.59, policy loss -0.022
Updates 48, num timesteps 1920000, FPS 932, mean/median reward 256.5/192.7, min/max reward 73.5/868.7, entropy 2.59, value loss 8.77, policy loss -0.015
Updates 49, num timesteps 1960000, FPS 932, mean/median reward 326.8/207.3, min/max reward 68.6/970.5, entropy 2.51, value loss 10.41, policy loss -0.023
Updates 50, num timesteps 2000000, FPS 931, mean/median reward 453.5/330.4, min/max reward 86.4/996.3, entropy 2.43, value loss 10.58, policy loss -0.015
Updates 51, num timesteps 2040000, FPS 930, mean/median reward 564.0/673.5, min/max reward 89.1/1103.4, entropy 2.34, value loss 10.27, policy loss -0.017
Updates 52, num timesteps 2080000, FPS 931, mean/median reward 514.8/357.5, min/max reward 89.0/1169.3, entropy 2.26, value loss 8.00, policy loss -0.013
Updates 53, num timesteps 2120000, FPS 932, mean/median reward 556.1/368.0, min/max reward 84.4/1169.3, entropy 2.17, value loss 7.43, policy loss -0.015
Updates 54, num timesteps 2160000, FPS 933, mean/median reward 601.1/601.0, min/max reward 81.7/1181.4, entropy 2.08, value loss 6.40, policy loss -0.011
Updates 55, num timesteps 2200000, FPS 933, mean/median reward 664.6/802.5, min/max reward 81.7/1206.7, entropy 2.00, value loss 6.08, policy loss -0.016
Updates 56, num timesteps 2240000, FPS 933, mean/median reward 750.9/1071.8, min/max reward 85.6/1258.5, entropy 1.92, value loss 5.62, policy loss -0.012
Updates 57, num timesteps 2280000, FPS 929, mean/median reward 745.8/1069.9, min/max reward 95.2/1306.6, entropy 1.82, value loss 4.57, policy loss -0.007
Updates 58, num timesteps 2320000, FPS 928, mean/median reward 756.2/1084.7, min/max reward 95.2/1306.6, entropy 1.71, value loss 3.96, policy loss -0.007
Updates 59, num timesteps 2360000, FPS 928, mean/median reward 913.1/1206.0, min/max reward 99.1/1331.0, entropy 1.62, value loss 3.59, policy loss -0.007
Updates 60, num timesteps 2400000, FPS 927, mean/median reward 960.2/1242.8, min/max reward 99.1/1358.6, entropy 1.53, value loss 3.53, policy loss -0.008
Updates 61, num timesteps 2440000, FPS 926, mean/median reward 970.5/1267.2, min/max reward 95.8/1376.9, entropy 1.43, value loss 3.16, policy loss -0.016
Updates 62, num timesteps 2480000, FPS 926, mean/median reward 1061.9/1315.6, min/max reward 91.8/1456.8, entropy 1.32, value loss 2.24, policy loss 0.002
Updates 63, num timesteps 2520000, FPS 925, mean/median reward 1098.9/1345.6, min/max reward 91.8/1456.8, entropy 1.22, value loss 2.53, policy loss -0.008
Updates 64, num timesteps 2560000, FPS 924, mean/median reward 1110.4/1373.4, min/max reward 112.7/1496.0, entropy 1.13, value loss 3.14, policy loss -0.017
Updates 65, num timesteps 2600000, FPS 924, mean/median reward 1109.0/1400.9, min/max reward 112.7/1498.2, entropy 1.02, value loss 2.36, policy loss -0.017
Updates 66, num timesteps 2640000, FPS 923, mean/median reward 1173.5/1427.8, min/max reward 118.3/1522.4, entropy 0.90, value loss 2.11, policy loss -0.013
Updates 67, num timesteps 2680000, FPS 923, mean/median reward 1233.8/1456.6, min/max reward 118.3/1526.5, entropy 0.77, value loss 1.90, policy loss -0.004
Updates 68, num timesteps 2720000, FPS 922, mean/median reward 1352.2/1486.9, min/max reward 113.5/1561.5, entropy 0.64, value loss 1.82, policy loss 0.002
Updates 69, num timesteps 2760000, FPS 922, mean/median reward 1381.4/1510.9, min/max reward 113.5/1598.6, entropy 0.52, value loss 1.84, policy loss -0.009
Updates 70, num timesteps 2800000, FPS 921, mean/median reward 1354.9/1524.3, min/max reward 113.5/1613.8, entropy 0.40, value loss 1.68, policy loss -0.015
Updates 71, num timesteps 2840000, FPS 922, mean/median reward 1374.0/1553.1, min/max reward 146.7/1633.5, entropy 0.25, value loss 1.37, policy loss -0.006
Updates 72, num timesteps 2880000, FPS 922, mean/median reward 1422.2/1585.6, min/max reward 146.7/1661.1, entropy 0.12, value loss 1.20, policy loss 0.004
Updates 73, num timesteps 2920000, FPS 923, mean/median reward 1439.9/1609.3, min/max reward 153.7/1677.4, entropy 0.00, value loss 1.41, policy loss -0.014
Updates 74, num timesteps 2960000, FPS 923, mean/median reward 1507.7/1636.5, min/max reward 123.2/1704.8, entropy -0.12, value loss 1.18, policy loss 0.006
Updates 75, num timesteps 3000000, FPS 924, mean/median reward 1514.6/1662.2, min/max reward 123.2/1717.7, entropy -0.26, value loss 0.90, policy loss 0.013
Updates 76, num timesteps 3040000, FPS 925, mean/median reward 1585.8/1684.0, min/max reward 123.2/1731.5, entropy -0.39, value loss 0.91, policy loss -0.010
Updates 77, num timesteps 3080000, FPS 925, mean/median reward 1618.2/1704.6, min/max reward 147.1/1752.6, entropy -0.52, value loss 0.72, policy loss -0.003
Updates 78, num timesteps 3120000, FPS 926, mean/median reward 1673.2/1721.1, min/max reward 147.1/1766.2, entropy -0.65, value loss 0.57, policy loss 0.027
Updates 79, num timesteps 3160000, FPS 926, mean/median reward 1700.9/1740.0, min/max reward 180.7/1775.2, entropy -0.78, value loss 0.60, policy loss -0.002
Updates 80, num timesteps 3200000, FPS 927, mean/median reward 1729.4/1753.6, min/max reward 180.7/1792.7, entropy -0.90, value loss 0.68, policy loss -0.017
Updates 81, num timesteps 3240000, FPS 927, mean/median reward 1691.7/1768.9, min/max reward 116.5/1802.0, entropy -1.01, value loss 0.89, policy loss -0.009
Updates 82, num timesteps 3280000, FPS 928, mean/median reward 1715.1/1778.9, min/max reward 116.5/1810.6, entropy -1.13, value loss 0.43, policy loss 0.008
Updates 83, num timesteps 3320000, FPS 928, mean/median reward 1725.3/1791.1, min/max reward 116.5/1814.8, entropy -1.26, value loss 0.49, policy loss -0.012
Updates 84, num timesteps 3360000, FPS 928, mean/median reward 1786.2/1799.9, min/max reward 164.1/1827.4, entropy -1.38, value loss 0.36, policy loss 0.004
Updates 85, num timesteps 3400000, FPS 929, mean/median reward 1792.9/1806.8, min/max reward 164.1/1835.8, entropy -1.51, value loss 0.23, policy loss -0.009
Updates 86, num timesteps 3440000, FPS 929, mean/median reward 1814.7/1816.1, min/max reward 1768.3/1840.3, entropy -1.63, value loss 0.46, policy loss 0.004
Updates 87, num timesteps 3480000, FPS 930, mean/median reward 1796.5/1823.5, min/max reward 128.7/1848.5, entropy -1.74, value loss 0.51, policy loss -0.004
Updates 88, num timesteps 3520000, FPS 930, mean/median reward 1802.4/1829.0, min/max reward 128.7/1852.4, entropy -1.86, value loss 0.74, policy loss 0.009
Updates 89, num timesteps 3560000, FPS 930, mean/median reward 1809.4/1836.6, min/max reward 128.7/1859.8, entropy -1.98, value loss 0.15, policy loss -0.016
Updates 90, num timesteps 3600000, FPS 931, mean/median reward 1841.6/1842.0, min/max reward 1802.6/1861.1, entropy -2.11, value loss 0.31, policy loss -0.011
Updates 91, num timesteps 3640000, FPS 931, mean/median reward 1808.9/1846.7, min/max reward 201.7/1869.4, entropy -2.22, value loss 0.25, policy loss 0.000
Updates 92, num timesteps 3680000, FPS 931, mean/median reward 1814.5/1853.1, min/max reward 201.7/1873.0, entropy -2.31, value loss 0.31, policy loss -0.003
Updates 93, num timesteps 3720000, FPS 932, mean/median reward 1794.6/1861.7, min/max reward 111.7/1878.8, entropy -2.38, value loss 0.90, policy loss -0.008
Updates 94, num timesteps 3760000, FPS 932, mean/median reward 1783.6/1866.0, min/max reward 96.2/1881.6, entropy -2.44, value loss 0.79, policy loss -0.007
Updates 95, num timesteps 3800000, FPS 933, mean/median reward 1760.9/1869.3, min/max reward 96.2/1884.5, entropy -2.50, value loss 0.39, policy loss -0.006
Updates 96, num timesteps 3840000, FPS 933, mean/median reward 1790.5/1871.5, min/max reward 96.2/1884.5, entropy -2.58, value loss 0.58, policy loss -0.005
Updates 97, num timesteps 3880000, FPS 933, mean/median reward 1787.2/1871.8, min/max reward 108.1/1884.5, entropy -2.65, value loss 0.91, policy loss -0.011
Updates 98, num timesteps 3920000, FPS 934, mean/median reward 1740.1/1872.4, min/max reward 99.4/1886.3, entropy -2.73, value loss 0.70, policy loss 0.000
Updates 99, num timesteps 3960000, FPS 934, mean/median reward 1735.7/1875.7, min/max reward 99.4/1888.6, entropy -2.84, value loss 0.18, policy loss 0.012
Updates 100, num timesteps 4000000, FPS 934, mean/median reward 1810.3/1877.6, min/max reward 99.4/1890.9, entropy -2.95, value loss 0.39, policy loss -0.004
Updates 101, num timesteps 4040000, FPS 935, mean/median reward 1860.9/1881.4, min/max reward 176.2/1895.5, entropy -3.07, value loss 0.28, policy loss 0.002
Updates 102, num timesteps 4080000, FPS 935, mean/median reward 1869.8/1884.5, min/max reward 176.2/1897.3, entropy -3.19, value loss 0.33, policy loss -0.007
Updates 103, num timesteps 4120000, FPS 935, mean/median reward 1874.1/1888.7, min/max reward 176.2/1900.6, entropy -3.30, value loss 0.31, policy loss -0.010
Updates 104, num timesteps 4160000, FPS 935, mean/median reward 1877.2/1892.8, min/max reward 80.7/1904.1, entropy -3.40, value loss 0.37, policy loss 0.001
Updates 105, num timesteps 4200000, FPS 936, mean/median reward 1880.4/1895.1, min/max reward 80.7/1908.1, entropy -3.49, value loss 0.30, policy loss -0.001
Updates 106, num timesteps 4240000, FPS 936, mean/median reward 1869.5/1898.2, min/max reward 80.7/1908.1, entropy -3.57, value loss 0.25, policy loss 0.011
Updates 107, num timesteps 4280000, FPS 936, mean/median reward 1887.4/1901.5, min/max reward 168.9/1913.2, entropy -3.70, value loss 0.07, policy loss 0.011
Updates 108, num timesteps 4320000, FPS 936, mean/median reward 1891.3/1906.0, min/max reward 168.9/1916.6, entropy -3.85, value loss 0.11, policy loss 0.023
Updates 109, num timesteps 4360000, FPS 937, mean/median reward 1908.2/1908.8, min/max reward 1887.9/1918.3, entropy -3.94, value loss 0.14, policy loss -0.005
Updates 110, num timesteps 4400000, FPS 937, mean/median reward 1910.6/1911.2, min/max reward 1887.9/1919.7, entropy -4.04, value loss 0.13, policy loss -0.007
Updates 111, num timesteps 4440000, FPS 937, mean/median reward 1907.3/1914.2, min/max reward 1195.2/1922.2, entropy -4.12, value loss 0.15, policy loss -0.002
Updates 112, num timesteps 4480000, FPS 937, mean/median reward 1894.4/1915.4, min/max reward 181.6/1925.4, entropy -4.18, value loss 0.24, policy loss -0.011
Updates 113, num timesteps 4520000, FPS 937, mean/median reward 1881.9/1916.8, min/max reward 134.3/1927.2, entropy -4.29, value loss 0.07, policy loss -0.006
Updates 114, num timesteps 4560000, FPS 938, mean/median reward 1890.7/1920.1, min/max reward 134.3/1927.2, entropy -4.43, value loss 0.06, policy loss 0.011
Updates 115, num timesteps 4600000, FPS 938, mean/median reward 1892.4/1922.5, min/max reward 134.3/1930.9, entropy -4.52, value loss 0.18, policy loss -0.008
Updates 116, num timesteps 4640000, FPS 938, mean/median reward 1908.9/1924.4, min/max reward 148.1/1932.1, entropy -4.64, value loss 0.08, policy loss 0.009
Updates 117, num timesteps 4680000, FPS 938, mean/median reward 1882.2/1926.3, min/max reward 126.2/1936.2, entropy -4.70, value loss 0.17, policy loss -0.009
Updates 118, num timesteps 4720000, FPS 939, mean/median reward 1898.1/1928.2, min/max reward 126.2/1936.6, entropy -4.77, value loss 0.22, policy loss -0.003
Updates 119, num timesteps 4760000, FPS 939, mean/median reward 1857.0/1929.5, min/max reward 126.2/1936.6, entropy -4.83, value loss 0.32, policy loss 0.002
Updates 120, num timesteps 4800000, FPS 939, mean/median reward 1873.3/1931.3, min/max reward 132.7/1940.5, entropy -4.89, value loss 0.41, policy loss -0.005
Updates 121, num timesteps 4840000, FPS 939, mean/median reward 1860.8/1932.6, min/max reward 132.7/1940.5, entropy -4.94, value loss 0.43, policy loss 0.002
Updates 122, num timesteps 4880000, FPS 939, mean/median reward 1905.7/1934.2, min/max reward 163.7/1940.5, entropy -5.02, value loss 0.07, policy loss 0.001
Updates 123, num timesteps 4920000, FPS 939, mean/median reward 1892.9/1935.6, min/max reward 163.7/1941.4, entropy -5.08, value loss 0.23, policy loss -0.005
Updates 124, num timesteps 4960000, FPS 940, mean/median reward 1893.7/1936.7, min/max reward 166.7/1945.1, entropy -5.14, value loss 0.25, policy loss 0.002
Updates 125, num timesteps 5000000, FPS 940, mean/median reward 1867.5/1938.1, min/max reward 152.6/1945.1, entropy -5.19, value loss 0.21, policy loss 0.016
Updates 126, num timesteps 5040000, FPS 940, mean/median reward 1882.7/1939.4, min/max reward 152.6/1946.2, entropy -5.23, value loss 0.28, policy loss -0.007
Updates 127, num timesteps 5080000, FPS 940, mean/median reward 1883.5/1940.3, min/max reward 147.9/1946.5, entropy -5.29, value loss 0.14, policy loss 0.008
Updates 128, num timesteps 5120000, FPS 940, mean/median reward 1897.5/1941.0, min/max reward 147.9/1946.8, entropy -5.36, value loss 0.09, policy loss -0.006
Updates 129, num timesteps 5160000, FPS 940, mean/median reward 1897.7/1940.8, min/max reward 147.9/1946.8, entropy -5.42, value loss 0.19, policy loss -0.003
Updates 130, num timesteps 5200000, FPS 940, mean/median reward 1926.4/1941.2, min/max reward 167.9/1948.5, entropy -5.50, value loss 0.14, policy loss 0.031
Updates 131, num timesteps 5240000, FPS 941, mean/median reward 1912.2/1941.6, min/max reward 105.5/1948.5, entropy -5.54, value loss 0.24, policy loss -0.006
Updates 132, num timesteps 5280000, FPS 941, mean/median reward 1853.7/1942.1, min/max reward 83.5/1949.5, entropy -5.56, value loss 0.58, policy loss -0.001
Updates 133, num timesteps 5320000, FPS 941, mean/median reward 1840.4/1943.4, min/max reward 83.5/1950.7, entropy -5.60, value loss 0.13, policy loss -0.003
Updates 134, num timesteps 5360000, FPS 941, mean/median reward 1826.2/1944.1, min/max reward 83.5/1950.7, entropy -5.65, value loss 0.31, policy loss -0.001
Updates 135, num timesteps 5400000, FPS 941, mean/median reward 1899.8/1945.2, min/max reward 67.0/1951.5, entropy -5.68, value loss 0.65, policy loss -0.012
Updates 136, num timesteps 5440000, FPS 941, mean/median reward 1899.2/1945.6, min/max reward 14.4/1953.2, entropy -5.71, value loss 0.23, policy loss 0.000
Updates 137, num timesteps 5480000, FPS 942, mean/median reward 1914.2/1945.9, min/max reward 14.4/1953.2, entropy -5.76, value loss 0.15, policy loss 0.009
Updates 138, num timesteps 5520000, FPS 942, mean/median reward 1928.3/1946.1, min/max reward 14.4/1953.2, entropy -5.83, value loss 0.09, policy loss -0.001
Updates 139, num timesteps 5560000, FPS 942, mean/median reward 1942.9/1946.3, min/max reward 1833.8/1952.4, entropy -5.90, value loss 0.28, policy loss -0.004
Updates 140, num timesteps 5600000, FPS 942, mean/median reward 1943.5/1947.3, min/max reward 1833.8/1954.1, entropy -5.97, value loss 0.17, policy loss 0.010
Updates 141, num timesteps 5640000, FPS 942, mean/median reward 1931.4/1947.9, min/max reward 221.3/1955.5, entropy -6.02, value loss 0.22, policy loss -0.003
Updates 142, num timesteps 5680000, FPS 942, mean/median reward 1934.5/1950.0, min/max reward 221.3/1955.6, entropy -6.11, value loss 0.03, policy loss 0.002
Updates 143, num timesteps 5720000, FPS 942, mean/median reward 1935.4/1950.6, min/max reward 221.3/1955.6, entropy -6.24, value loss 0.02, policy loss -0.008
Updates 144, num timesteps 5760000, FPS 942, mean/median reward 1950.3/1951.1, min/max reward 1937.2/1955.6, entropy -6.33, value loss 0.04, policy loss -0.004
Updates 145, num timesteps 5800000, FPS 942, mean/median reward 1950.7/1951.5, min/max reward 1928.4/1957.0, entropy -6.40, value loss 0.08, policy loss -0.003
Updates 146, num timesteps 5840000, FPS 943, mean/median reward 1951.6/1952.8, min/max reward 1928.4/1958.8, entropy -6.50, value loss 0.05, policy loss 0.016
Updates 147, num timesteps 5880000, FPS 943, mean/median reward 1952.7/1954.3, min/max reward 1920.6/1960.4, entropy -6.58, value loss 0.05, policy loss 0.007
Updates 148, num timesteps 5920000, FPS 943, mean/median reward 1954.0/1955.0, min/max reward 1920.6/1961.1, entropy -6.65, value loss 0.06, policy loss 0.006
Updates 149, num timesteps 5960000, FPS 943, mean/median reward 1954.7/1955.7, min/max reward 1920.6/1961.1, entropy -6.71, value loss 0.03, policy loss -0.003
Updates 150, num timesteps 6000000, FPS 943, mean/median reward 1955.6/1956.3, min/max reward 1937.7/1962.3, entropy -6.81, value loss 0.03, policy loss -0.007
Updates 151, num timesteps 6040000, FPS 943, mean/median reward 1956.9/1957.7, min/max reward 1947.1/1962.3, entropy -6.91, value loss 0.02, policy loss -0.007
Updates 152, num timesteps 6080000, FPS 943, mean/median reward 1942.8/1958.6, min/max reward 103.5/1962.3, entropy -6.97, value loss 0.10, policy loss -0.005
Updates 153, num timesteps 6120000, FPS 943, mean/median reward 1943.9/1959.4, min/max reward 103.5/1965.1, entropy -7.02, value loss 0.04, policy loss -0.006
Updates 154, num timesteps 6160000, FPS 943, mean/median reward 1944.9/1960.1, min/max reward 103.5/1965.8, entropy -7.11, value loss 0.04, policy loss 0.013
Updates 155, num timesteps 6200000, FPS 943, mean/median reward 1960.7/1961.2, min/max reward 1946.9/1965.8, entropy -7.19, value loss 0.04, policy loss 0.010
Updates 156, num timesteps 6240000, FPS 943, mean/median reward 1961.1/1961.7, min/max reward 1946.9/1965.8, entropy -7.26, value loss 0.04, policy loss 0.002
Updates 157, num timesteps 6280000, FPS 943, mean/median reward 1961.6/1962.5, min/max reward 1949.1/1966.3, entropy -7.36, value loss 0.02, policy loss -0.002
Updates 158, num timesteps 6320000, FPS 943, mean/median reward 1962.2/1962.8, min/max reward 1949.1/1966.6, entropy -7.45, value loss 0.01, policy loss -0.006
Updates 159, num timesteps 6360000, FPS 943, mean/median reward 1962.9/1963.3, min/max reward 1954.2/1967.5, entropy -7.51, value loss 0.09, policy loss -0.005
Updates 160, num timesteps 6400000, FPS 943, mean/median reward 1949.6/1964.3, min/max reward 225.3/1967.6, entropy -7.54, value loss 0.09, policy loss -0.002
Updates 161, num timesteps 6440000, FPS 943, mean/median reward 1950.4/1964.8, min/max reward 225.3/1967.9, entropy -7.59, value loss 0.03, policy loss -0.001
Updates 162, num timesteps 6480000, FPS 943, mean/median reward 1950.5/1965.3, min/max reward 225.3/1968.8, entropy -7.66, value loss 0.02, policy loss -0.011
Updates 163, num timesteps 6520000, FPS 943, mean/median reward 1964.4/1965.3, min/max reward 1952.8/1969.3, entropy -7.73, value loss 0.06, policy loss -0.003
Updates 164, num timesteps 6560000, FPS 944, mean/median reward 1964.6/1965.6, min/max reward 1952.8/1969.3, entropy -7.76, value loss 0.03, policy loss 0.250
Updates 165, num timesteps 6600000, FPS 944, mean/median reward 1963.9/1965.1, min/max reward 1955.4/1969.3, entropy -7.76, value loss 0.06, policy loss 0.000
Updates 166, num timesteps 6640000, FPS 944, mean/median reward 1960.6/1962.6, min/max reward 1943.0/1969.3, entropy -7.76, value loss 0.05, policy loss -0.013
Updates 167, num timesteps 6680000, FPS 944, mean/median reward 1953.5/1953.6, min/max reward 1933.5/1968.5, entropy -7.76, value loss 0.04, policy loss -0.005
Updates 168, num timesteps 6720000, FPS 944, mean/median reward 1947.3/1946.2, min/max reward 1932.0/1960.7, entropy -7.76, value loss 0.03, policy loss -0.004
Updates 169, num timesteps 6760000, FPS 944, mean/median reward 1943.7/1943.9, min/max reward 1932.0/1956.0, entropy -7.76, value loss 0.03, policy loss -0.006
Updates 170, num timesteps 6800000, FPS 944, mean/median reward 1942.3/1942.9, min/max reward 1932.0/1949.5, entropy -7.76, value loss 0.03, policy loss -0.000
Updates 171, num timesteps 6840000, FPS 944, mean/median reward 1943.2/1943.3, min/max reward 1934.7/1949.5, entropy -7.76, value loss 0.03, policy loss -0.009
Updates 172, num timesteps 6880000, FPS 944, mean/median reward 1944.1/1944.3, min/max reward 1934.7/1949.1, entropy -7.76, value loss 0.03, policy loss -0.004
Updates 173, num timesteps 6920000, FPS 944, mean/median reward 1944.9/1945.2, min/max reward 1937.1/1951.3, entropy -7.76, value loss 0.03, policy loss -0.004
Updates 174, num timesteps 6960000, FPS 944, mean/median reward 1945.0/1945.6, min/max reward 1937.1/1951.3, entropy -7.76, value loss 0.03, policy loss -0.006
Updates 175, num timesteps 7000000, FPS 944, mean/median reward 1945.0/1945.4, min/max reward 1932.5/1951.3, entropy -7.76, value loss 0.03, policy loss -0.006
Updates 176, num timesteps 7040000, FPS 944, mean/median reward 1945.4/1945.7, min/max reward 1932.5/1953.4, entropy -7.76, value loss 0.05, policy loss -0.007
Updates 177, num timesteps 7080000, FPS 944, mean/median reward 1945.8/1946.1, min/max reward 1931.8/1953.4, entropy -7.76, value loss 0.03, policy loss -0.006
Updates 178, num timesteps 7120000, FPS 944, mean/median reward 1946.3/1946.7, min/max reward 1931.8/1953.4, entropy -7.76, value loss 0.03, policy loss -0.003
Updates 179, num timesteps 7160000, FPS 944, mean/median reward 1946.5/1947.2, min/max reward 1931.8/1952.0, entropy -7.76, value loss 0.03, policy loss -0.008
Updates 180, num timesteps 7200000, FPS 944, mean/median reward 1947.2/1947.4, min/max reward 1935.2/1953.7, entropy -7.76, value loss 0.02, policy loss -0.010
Updates 181, num timesteps 7240000, FPS 944, mean/median reward 1947.3/1947.6, min/max reward 1933.9/1953.7, entropy -7.76, value loss 0.03, policy loss -0.009
Updates 182, num timesteps 7280000, FPS 944, mean/median reward 1947.4/1947.7, min/max reward 1933.9/1953.7, entropy -7.76, value loss 0.05, policy loss -0.011
Updates 183, num timesteps 7320000, FPS 944, mean/median reward 1947.3/1947.7, min/max reward 1933.9/1953.6, entropy -7.76, value loss 0.02, policy loss -0.001
Updates 184, num timesteps 7360000, FPS 944, mean/median reward 1947.4/1948.1, min/max reward 1936.7/1954.1, entropy -7.76, value loss 0.11, policy loss -0.003
Updates 185, num timesteps 7400000, FPS 944, mean/median reward 1934.6/1948.0, min/max reward 369.8/1954.1, entropy -7.76, value loss 0.03, policy loss -0.006
Updates 186, num timesteps 7440000, FPS 944, mean/median reward 1934.9/1948.2, min/max reward 369.8/1954.1, entropy -7.76, value loss 0.10, policy loss -0.006
Updates 187, num timesteps 7480000, FPS 944, mean/median reward 1920.9/1948.0, min/max reward 197.3/1954.0, entropy -7.76, value loss 0.03, policy loss 0.018
Updates 188, num timesteps 7520000, FPS 944, mean/median reward 1934.0/1948.5, min/max reward 197.3/1954.0, entropy -7.76, value loss 0.03, policy loss -0.007
Updates 189, num timesteps 7560000, FPS 944, mean/median reward 1934.3/1948.9, min/max reward 197.3/1956.1, entropy -7.76, value loss 0.02, policy loss -0.009
Updates 190, num timesteps 7600000, FPS 944, mean/median reward 1948.2/1949.0, min/max reward 1937.4/1956.1, entropy -7.76, value loss 0.02, policy loss 0.002
Updates 191, num timesteps 7640000, FPS 944, mean/median reward 1948.2/1948.4, min/max reward 1938.8/1956.1, entropy -7.76, value loss 0.02, policy loss -0.006
Updates 192, num timesteps 7680000, FPS 944, mean/median reward 1947.9/1948.4, min/max reward 1936.4/1954.9, entropy -7.76, value loss 0.02, policy loss -0.003
Updates 193, num timesteps 7720000, FPS 944, mean/median reward 1948.1/1948.7, min/max reward 1936.4/1955.6, entropy -7.76, value loss 0.02, policy loss -0.006
Updates 194, num timesteps 7760000, FPS 944, mean/median reward 1948.4/1949.0, min/max reward 1936.4/1955.6, entropy -7.76, value loss 0.04, policy loss -0.010
Updates 195, num timesteps 7800000, FPS 944, mean/median reward 1934.2/1949.4, min/max reward 109.2/1955.6, entropy -7.76, value loss 0.09, policy loss -0.003
Updates 196, num timesteps 7840000, FPS 944, mean/median reward 1934.1/1949.1, min/max reward 109.2/1953.9, entropy -7.76, value loss 0.02, policy loss -0.006
Updates 197, num timesteps 7880000, FPS 944, mean/median reward 1934.1/1949.2, min/max reward 109.2/1954.0, entropy -7.76, value loss 0.02, policy loss -0.006
Updates 198, num timesteps 7920000, FPS 944, mean/median reward 1948.2/1948.6, min/max reward 1939.2/1954.0, entropy -7.76, value loss 0.04, policy loss -0.009
Updates 199, num timesteps 7960000, FPS 944, mean/median reward 1948.3/1948.9, min/max reward 1939.2/1954.0, entropy -7.76, value loss 0.03, policy loss -0.004
Updates 200, num timesteps 8000000, FPS 944, mean/median reward 1948.2/1948.7, min/max reward 1939.2/1953.7, entropy -7.76, value loss 0.03, policy loss -0.013
Updates 201, num timesteps 8040000, FPS 944, mean/median reward 1948.5/1949.2, min/max reward 1939.2/1954.3, entropy -7.76, value loss 0.03, policy loss -0.004
Updates 202, num timesteps 8080000, FPS 944, mean/median reward 1948.7/1949.2, min/max reward 1940.5/1954.8, entropy -7.76, value loss 0.16, policy loss -0.009
Updates 203, num timesteps 8120000, FPS 944, mean/median reward 1919.7/1949.5, min/max reward 112.8/1954.8, entropy -7.76, value loss 0.20, policy loss -0.007
Updates 204, num timesteps 8160000, FPS 944, mean/median reward 1906.1/1949.5, min/max reward 112.8/1954.8, entropy -7.76, value loss 0.02, policy loss -0.010
Updates 205, num timesteps 8200000, FPS 944, mean/median reward 1892.1/1949.6, min/max reward 112.8/1954.6, entropy -7.76, value loss 0.10, policy loss -0.006
Updates 206, num timesteps 8240000, FPS 944, mean/median reward 1921.3/1949.8, min/max reward 172.1/1954.5, entropy -7.76, value loss 0.11, policy loss -0.003
Updates 207, num timesteps 8280000, FPS 944, mean/median reward 1935.2/1950.5, min/max reward 172.1/1954.5, entropy -7.76, value loss 0.07, policy loss -0.003
Updates 208, num timesteps 8320000, FPS 944, mean/median reward 1935.0/1950.6, min/max reward 121.8/1956.4, entropy -7.76, value loss 0.12, policy loss -0.005
Updates 209, num timesteps 8360000, FPS 944, mean/median reward 1921.1/1950.5, min/max reward 121.8/1956.4, entropy -7.76, value loss 0.02, policy loss -0.006
Updates 210, num timesteps 8400000, FPS 944, mean/median reward 1921.5/1950.6, min/max reward 121.8/1956.4, entropy -7.76, value loss 0.15, policy loss -0.006
Updates 211, num timesteps 8440000, FPS 944, mean/median reward 1907.4/1950.6, min/max reward 130.6/1955.4, entropy -7.76, value loss 0.25, policy loss -0.005
Updates 212, num timesteps 8480000, FPS 943, mean/median reward 1921.7/1951.0, min/max reward 130.6/1955.4, entropy -7.76, value loss 0.02, policy loss -0.004
Updates 213, num timesteps 8520000, FPS 943, mean/median reward 1921.0/1950.3, min/max reward 130.6/1955.0, entropy -7.76, value loss 0.03, policy loss -0.005
Updates 214, num timesteps 8560000, FPS 943, mean/median reward 1920.4/1950.3, min/max reward 62.8/1955.2, entropy -7.76, value loss 0.52, policy loss -0.005
Updates 215, num timesteps 8600000, FPS 943, mean/median reward 1934.1/1950.0, min/max reward 62.8/1955.2, entropy -7.76, value loss 0.02, policy loss -0.003
Updates 216, num timesteps 8640000, FPS 943, mean/median reward 1934.5/1950.1, min/max reward 62.8/1955.4, entropy -7.76, value loss 0.02, policy loss -0.008
Updates 217, num timesteps 8680000, FPS 943, mean/median reward 1949.6/1950.1, min/max reward 1936.4/1955.7, entropy -7.76, value loss 0.02, policy loss -0.007
Updates 218, num timesteps 8720000, FPS 943, mean/median reward 1950.0/1950.7, min/max reward 1938.7/1955.7, entropy -7.76, value loss 0.02, policy loss -0.009
Updates 219, num timesteps 8760000, FPS 943, mean/median reward 1950.0/1950.7, min/max reward 1939.4/1955.7, entropy -7.76, value loss 0.02, policy loss -0.007
Updates 220, num timesteps 8800000, FPS 943, mean/median reward 1949.9/1951.0, min/max reward 1935.6/1955.4, entropy -7.76, value loss 0.03, policy loss -0.007
Updates 221, num timesteps 8840000, FPS 943, mean/median reward 1935.7/1950.9, min/max reward 178.8/1955.4, entropy -7.76, value loss 0.05, policy loss -0.008
Updates 222, num timesteps 8880000, FPS 943, mean/median reward 1906.0/1950.8, min/max reward 90.4/1955.7, entropy -7.76, value loss 0.75, policy loss -0.007
Updates 223, num timesteps 8920000, FPS 943, mean/median reward 1891.9/1950.4, min/max reward 90.4/1955.7, entropy -7.76, value loss 0.03, policy loss -0.003
Updates 224, num timesteps 8960000, FPS 943, mean/median reward 1906.3/1950.4, min/max reward 90.4/1955.7, entropy -7.76, value loss 0.04, policy loss -0.006
Updates 225, num timesteps 9000000, FPS 943, mean/median reward 1906.2/1950.2, min/max reward 90.4/1955.0, entropy -7.76, value loss 0.03, policy loss -0.008
Updates 226, num timesteps 9040000, FPS 943, mean/median reward 1950.3/1950.7, min/max reward 1940.5/1955.6, entropy -7.76, value loss 0.02, policy loss -0.009
Updates 227, num timesteps 9080000, FPS 943, mean/median reward 1950.3/1950.8, min/max reward 1934.8/1956.1, entropy -7.76, value loss 0.02, policy loss -0.008
Updates 228, num timesteps 9120000, FPS 943, mean/median reward 1950.2/1950.8, min/max reward 1925.7/1956.1, entropy -7.76, value loss 0.02, policy loss -0.005
Updates 229, num timesteps 9160000, FPS 943, mean/median reward 1935.8/1951.2, min/max reward 177.9/1956.1, entropy -7.76, value loss 0.06, policy loss -0.006
Updates 230, num timesteps 9200000, FPS 943, mean/median reward 1935.7/1950.9, min/max reward 177.9/1956.5, entropy -7.76, value loss 0.02, policy loss -0.012
Updates 231, num timesteps 9240000, FPS 942, mean/median reward 1935.9/1951.2, min/max reward 177.9/1956.5, entropy -7.76, value loss 0.02, policy loss -0.006
Updates 232, num timesteps 9280000, FPS 942, mean/median reward 1950.3/1950.7, min/max reward 1934.6/1957.1, entropy -7.76, value loss 0.02, policy loss -0.005
Updates 233, num timesteps 9320000, FPS 942, mean/median reward 1924.0/1951.3, min/max reward 180.1/1957.1, entropy -7.76, value loss 0.19, policy loss -0.009
Updates 234, num timesteps 9360000, FPS 942, mean/median reward 1924.3/1951.4, min/max reward 180.1/1957.1, entropy -7.76, value loss 0.02, policy loss -0.008
Updates 235, num timesteps 9400000, FPS 942, mean/median reward 1924.6/1951.8, min/max reward 180.1/1957.0, entropy -7.76, value loss 0.21, policy loss -0.007
Updates 236, num timesteps 9440000, FPS 942, mean/median reward 1922.5/1951.8, min/max reward 97.1/1957.1, entropy -7.76, value loss 0.02, policy loss -0.004
Updates 237, num timesteps 9480000, FPS 942, mean/median reward 1922.2/1951.7, min/max reward 97.1/1957.1, entropy -7.76, value loss 0.02, policy loss -0.005
Updates 238, num timesteps 9520000, FPS 942, mean/median reward 1921.7/1951.2, min/max reward 97.1/1957.1, entropy -7.76, value loss 0.02, policy loss -0.007
Updates 239, num timesteps 9560000, FPS 942, mean/median reward 1935.0/1950.9, min/max reward 140.6/1956.7, entropy -7.76, value loss 0.08, policy loss -0.006
Updates 240, num timesteps 9600000, FPS 942, mean/median reward 1935.3/1951.0, min/max reward 140.6/1956.5, entropy -7.76, value loss 0.02, policy loss -0.011
Updates 241, num timesteps 9640000, FPS 942, mean/median reward 1935.2/1950.9, min/max reward 140.6/1956.2, entropy -7.76, value loss 0.04, policy loss -0.002
Updates 242, num timesteps 9680000, FPS 942, mean/median reward 1949.5/1950.8, min/max reward 1927.8/1956.2, entropy -7.76, value loss 0.02, policy loss -0.010
Updates 243, num timesteps 9720000, FPS 942, mean/median reward 1948.9/1949.6, min/max reward 1934.3/1956.3, entropy -7.76, value loss 0.02, policy loss -0.007
Updates 244, num timesteps 9760000, FPS 942, mean/median reward 1949.0/1950.0, min/max reward 1934.3/1956.3, entropy -7.76, value loss 0.03, policy loss -0.007
Updates 245, num timesteps 9800000, FPS 942, mean/median reward 1949.6/1951.0, min/max reward 1935.9/1956.3, entropy -7.76, value loss 0.02, policy loss -0.006
Updates 246, num timesteps 9840000, FPS 942, mean/median reward 1950.5/1951.7, min/max reward 1932.3/1956.9, entropy -7.76, value loss 0.02, policy loss -0.006
Updates 247, num timesteps 9880000, FPS 942, mean/median reward 1950.4/1951.7, min/max reward 1932.3/1956.9, entropy -7.76, value loss 0.02, policy loss -0.005
Updates 248, num timesteps 9920000, FPS 942, mean/median reward 1950.2/1951.7, min/max reward 1932.3/1956.9, entropy -7.76, value loss 0.02, policy loss -0.010
Updates 249, num timesteps 9960000, FPS 942, mean/median reward 1949.7/1951.4, min/max reward 1932.3/1957.0, entropy -7.76, value loss 0.02, policy loss -0.007
Updates 250, num timesteps 10000000, FPS 942, mean/median reward 1950.2/1951.4, min/max reward 1936.4/1958.0, entropy -7.76, value loss 0.01, policy loss -0.008
Process ForkProcess-125:
Traceback (most recent call last):
  File "/home/uni/.pyenv/versions/3.6.10/lib/python3.6/multiprocessing/process.py", line 258, in _bootstrap
    self.run()
  File "/home/uni/.pyenv/versions/3.6.10/lib/python3.6/multiprocessing/process.py", line 93, in run
    self._target(*self._args, **self._kwargs)
  File "/home/uni/Documents/python/optim/SteppingStone/common/envs_utils.py", line 646, in _subproc_worker
    cmd, data = pipe.recv()
  File "/home/uni/.pyenv/versions/3.6.10/lib/python3.6/multiprocessing/connection.py", line 250, in recv
    buf = self._recv_bytes()
  File "/home/uni/.pyenv/versions/3.6.10/lib/python3.6/multiprocessing/connection.py", line 407, in _recv_bytes
    buf = self._recv(4)
  File "/home/uni/.pyenv/versions/3.6.10/lib/python3.6/multiprocessing/connection.py", line 383, in _recv
    raise EOFError
EOFError
INFO - sacred_utils - Completed after 2:56:54
argv[0]=--background_color_red=1.0
argv[1]=--background_color_green=1.0
argv[2]=--background_color_blue=1.0
argv[3]=--width=1280
argv[4]=--height=720
argv[5]=
argv[0]=--background_color_red=1.0
argv[1]=--background_color_green=1.0
argv[2]=--background_color_blue=1.0
argv[3]=--width=1280
argv[4]=--height=720
argv[5]=
